{"meta": {"format": 3, "version": "7.10.7", "timestamp": "2026-03-09T17:40:34.525833", "branch_coverage": false, "show_contexts": false}, "files": {"src/assetutilities/__init__.py": {"executed_lines": [1, 7], "summary": {"covered_lines": 1, "num_statements": 1, "percent_covered": 100.0, "percent_covered_display": "100", "missing_lines": 0, "excluded_lines": 0}, "missing_lines": [], "excluded_lines": [], "functions": {"": {"executed_lines": [1, 7], "summary": {"covered_lines": 1, "num_statements": 1, "percent_covered": 100.0, "percent_covered_display": "100", "missing_lines": 0, "excluded_lines": 0}, "missing_lines": [], "excluded_lines": []}}, "classes": {"": {"executed_lines": [1, 7], "summary": {"covered_lines": 1, "num_statements": 1, "percent_covered": 100.0, "percent_covered_display": "100", "missing_lines": 0, "excluded_lines": 0}, "missing_lines": [], "excluded_lines": []}}}, "src/assetutilities/__main__.py": {"executed_lines": [], "summary": {"covered_lines": 0, "num_statements": 2, "percent_covered": 0.0, "percent_covered_display": "0", "missing_lines": 2, "excluded_lines": 0}, "missing_lines": [24, 26], "excluded_lines": [], "functions": {"": {"executed_lines": [], "summary": {"covered_lines": 0, "num_statements": 2, "percent_covered": 0.0, "percent_covered_display": "0", "missing_lines": 2, "excluded_lines": 0}, "missing_lines": [24, 26], "excluded_lines": []}}, "classes": {"": {"executed_lines": [], "summary": {"covered_lines": 0, "num_statements": 2, "percent_covered": 0.0, "percent_covered_display": "0", "missing_lines": 2, "excluded_lines": 0}, "missing_lines": [24, 26], "excluded_lines": []}}}, "src/assetutilities/calculation.py": {"executed_lines": [], "summary": {"covered_lines": 0, "num_statements": 3, "percent_covered": 0.0, "percent_covered_display": "0", "missing_lines": 3, "excluded_lines": 0}, "missing_lines": [1, 2, 3], "excluded_lines": [], "functions": {"calculation": {"executed_lines": [], "summary": {"covered_lines": 0, "num_statements": 2, "percent_covered": 0.0, "percent_covered_display": "0", "missing_lines": 2, "excluded_lines": 0}, "missing_lines": [2, 3], "excluded_lines": []}, "": {"executed_lines": [], "summary": {"covered_lines": 0, "num_statements": 1, "percent_covered": 0.0, "percent_covered_display": "0", "missing_lines": 1, "excluded_lines": 0}, "missing_lines": [1], "excluded_lines": []}}, "classes": {"": {"executed_lines": [], "summary": {"covered_lines": 0, "num_statements": 3, "percent_covered": 0.0, "percent_covered_display": "0", "missing_lines": 3, "excluded_lines": 0}, "missing_lines": [1, 2, 3], "excluded_lines": []}}}, "src/assetutilities/calculations/polynomial.py": {"executed_lines": [1, 2, 3, 5], "summary": {"covered_lines": 4, "num_statements": 5, "percent_covered": 80.0, "percent_covered_display": "80", "missing_lines": 1, "excluded_lines": 0}, "missing_lines": [6], "excluded_lines": [], "functions": {"Polynomial.__init__": {"executed_lines": [3], "summary": {"covered_lines": 1, "num_statements": 1, "percent_covered": 100.0, "percent_covered_display": "100", "missing_lines": 0, "excluded_lines": 0}, "missing_lines": [], "excluded_lines": []}, "Polynomial.evaluate_polynomial": {"executed_lines": [], "summary": {"covered_lines": 0, "num_statements": 1, "percent_covered": 0.0, "percent_covered_display": "0", "missing_lines": 1, "excluded_lines": 0}, "missing_lines": [6], "excluded_lines": []}, "": {"executed_lines": [1, 2, 5], "summary": {"covered_lines": 3, "num_statements": 3, "percent_covered": 100.0, "percent_covered_display": "100", "missing_lines": 0, "excluded_lines": 0}, "missing_lines": [], "excluded_lines": []}}, "classes": {"Polynomial": {"executed_lines": [3], "summary": {"covered_lines": 1, "num_statements": 2, "percent_covered": 50.0, "percent_covered_display": "50", "missing_lines": 1, "excluded_lines": 0}, "missing_lines": [6], "excluded_lines": []}, "": {"executed_lines": [1, 2, 5], "summary": {"covered_lines": 3, "num_statements": 3, "percent_covered": 100.0, "percent_covered_display": "100", "missing_lines": 0, "excluded_lines": 0}, "missing_lines": [], "excluded_lines": []}}}, "src/assetutilities/common/ApplicationManager.py": {"executed_lines": [1, 2, 3, 4, 5, 6, 7, 10, 13, 14, 17, 18, 19, 21, 24, 46, 97, 98, 99, 101, 102, 105, 106, 107, 108, 112, 114, 117, 120, 121, 122, 123, 124, 127, 128, 133, 136, 138, 140, 142, 144, 146, 147, 162, 163, 164, 169, 170, 174, 176, 177, 178, 179, 180, 182, 183, 198, 199, 200, 213, 214, 217, 220, 221, 222, 226, 228, 229, 231, 232, 233, 234, 243, 244, 247, 250, 252, 256, 257, 260, 262, 276, 280, 282, 284, 285, 286, 287, 288, 290, 291, 292, 295, 296, 299, 303, 304, 305, 307, 310, 311, 314, 315, 318, 325, 327, 330, 331, 335, 337, 338, 339, 340, 341, 342, 343, 348, 350, 351, 353, 355, 365, 368, 370, 371, 373, 374, 375, 377, 378, 380, 385, 386, 389, 390, 391, 392, 393, 395, 398, 401], "summary": {"covered_lines": 141, "num_statements": 228, "percent_covered": 61.8421052631579, "percent_covered_display": "62", "missing_lines": 87, "excluded_lines": 0}, "missing_lines": [26, 28, 29, 31, 33, 35, 37, 38, 39, 41, 43, 47, 48, 49, 50, 51, 52, 55, 57, 59, 60, 61, 62, 63, 67, 71, 75, 76, 77, 78, 79, 80, 81, 82, 84, 85, 86, 90, 92, 94, 129, 130, 149, 150, 152, 153, 154, 155, 156, 165, 167, 171, 172, 184, 185, 186, 187, 188, 189, 190, 193, 195, 196, 204, 205, 206, 209, 235, 236, 237, 238, 240, 241, 245, 258, 300, 308, 312, 316, 326, 328, 344, 345, 346, 394, 397, 400], "excluded_lines": [], "functions": {"applicationTimer": {"executed_lines": [], "summary": {"covered_lines": 0, "num_statements": 4, "percent_covered": 0.0, "percent_covered_display": "0", "missing_lines": 4, "excluded_lines": 0}, "missing_lines": [26, 28, 29, 43], "excluded_lines": []}, "applicationTimer.wrapper_applicationTimer": {"executed_lines": [], "summary": {"covered_lines": 0, "num_statements": 7, "percent_covered": 0.0, "percent_covered_display": "0", "missing_lines": 7, "excluded_lines": 0}, "missing_lines": [31, 33, 35, 37, 38, 39, 41], "excluded_lines": []}, "setupApplicationRuns": {"executed_lines": [], "summary": {"covered_lines": 0, "num_statements": 2, "percent_covered": 0.0, "percent_covered_display": "0", "missing_lines": 2, "excluded_lines": 0}, "missing_lines": [48, 94], "excluded_lines": []}, "setupApplicationRuns.wrapper_applicationRuns": {"executed_lines": [], "summary": {"covered_lines": 0, "num_statements": 26, "percent_covered": 0.0, "percent_covered_display": "0", "missing_lines": 26, "excluded_lines": 0}, "missing_lines": [49, 50, 51, 52, 55, 57, 59, 60, 61, 62, 63, 67, 71, 75, 76, 77, 78, 79, 80, 81, 82, 84, 85, 86, 90, 92], "excluded_lines": []}, "ConfigureApplicationInputs.__init__": {"executed_lines": [99], "summary": {"covered_lines": 1, "num_statements": 1, "percent_covered": 100.0, "percent_covered_display": "100", "missing_lines": 0, "excluded_lines": 0}, "missing_lines": [], "excluded_lines": []}, "ConfigureApplicationInputs.configure": {"executed_lines": [102, 105, 106, 107, 108, 112], "summary": {"covered_lines": 6, "num_statements": 6, "percent_covered": 100.0, "percent_covered_display": "100", "missing_lines": 0, "excluded_lines": 0}, "missing_lines": [], "excluded_lines": []}, "ConfigureApplicationInputs.unify_application_and_default_and_custom_yamls": {"executed_lines": [117, 120, 121, 122, 123, 124, 127, 128, 133, 136, 138], "summary": {"covered_lines": 11, "num_statements": 13, "percent_covered": 84.61538461538461, "percent_covered_display": "85", "missing_lines": 2, "excluded_lines": 0}, "missing_lines": [129, 130], "excluded_lines": []}, "ConfigureApplicationInputs.get_custom_file": {"executed_lines": [142, 144, 146, 147, 162, 163, 164], "summary": {"covered_lines": 7, "num_statements": 16, "percent_covered": 43.75, "percent_covered_display": "44", "missing_lines": 9, "excluded_lines": 0}, "missing_lines": [149, 150, 152, 153, 154, 155, 156, 165, 167], "excluded_lines": []}, "ConfigureApplicationInputs.generateYMLInput": {"executed_lines": [170, 174, 176, 177, 178, 179, 180, 182, 183, 198, 199, 200, 213, 214, 217, 220, 221, 222, 226], "summary": {"covered_lines": 19, "num_statements": 35, "percent_covered": 54.285714285714285, "percent_covered_display": "54", "missing_lines": 16, "excluded_lines": 0}, "missing_lines": [171, 172, 184, 185, 186, 187, 188, 189, 190, 193, 195, 196, 204, 205, 206, 209], "excluded_lines": []}, "ConfigureApplicationInputs.get_application_configuration_parameters": {"executed_lines": [229, 231, 232, 233, 234, 243, 244, 247, 250, 252, 256, 257, 260, 262, 276, 280, 282], "summary": {"covered_lines": 17, "num_statements": 25, "percent_covered": 68.0, "percent_covered_display": "68", "missing_lines": 8, "excluded_lines": 0}, "missing_lines": [235, 236, 237, 238, 240, 241, 245, 258], "excluded_lines": []}, "ConfigureApplicationInputs.configure_result_folder": {"executed_lines": [285, 286, 287, 288, 290, 291, 292, 295, 296, 299, 303, 304, 305, 307, 310, 311, 314, 315, 318, 325, 327, 330, 331, 335], "summary": {"covered_lines": 24, "num_statements": 30, "percent_covered": 80.0, "percent_covered_display": "80", "missing_lines": 6, "excluded_lines": 0}, "missing_lines": [300, 308, 312, 316, 326, 328], "excluded_lines": []}, "ConfigureApplicationInputs.configure_overwrite_filenames": {"executed_lines": [338, 339, 340, 341, 342, 343, 348], "summary": {"covered_lines": 7, "num_statements": 10, "percent_covered": 70.0, "percent_covered_display": "70", "missing_lines": 3, "excluded_lines": 0}, "missing_lines": [344, 345, 346], "excluded_lines": []}, "ConfigureApplicationInputs.convert_cfg_to_attribute_dictionary": {"executed_lines": [351, 353], "summary": {"covered_lines": 2, "num_statements": 2, "percent_covered": 100.0, "percent_covered_display": "100", "missing_lines": 0, "excluded_lines": 0}, "missing_lines": [], "excluded_lines": []}, "ConfigureApplicationInputs.validate_arguments_run_methods": {"executed_lines": [365, 368], "summary": {"covered_lines": 2, "num_statements": 2, "percent_covered": 100.0, "percent_covered_display": "100", "missing_lines": 0, "excluded_lines": 0}, "missing_lines": [], "excluded_lines": []}, "ConfigureApplicationInputs.save_cfg": {"executed_lines": [371, 373, 374, 375, 377, 378], "summary": {"covered_lines": 6, "num_statements": 6, "percent_covered": 100.0, "percent_covered_display": "100", "missing_lines": 0, "excluded_lines": 0}, "missing_lines": [], "excluded_lines": []}, "ConfigureApplicationInputs.standardize_yml_data": {"executed_lines": [385, 386, 389, 390, 391, 392, 393, 395, 398, 401], "summary": {"covered_lines": 10, "num_statements": 13, "percent_covered": 76.92307692307692, "percent_covered_display": "77", "missing_lines": 3, "excluded_lines": 0}, "missing_lines": [394, 397, 400], "excluded_lines": []}, "": {"executed_lines": [1, 2, 3, 4, 5, 6, 7, 10, 13, 14, 17, 18, 19, 21, 24, 46, 97, 98, 101, 114, 140, 169, 228, 284, 337, 350, 355, 370, 380], "summary": {"covered_lines": 29, "num_statements": 30, "percent_covered": 96.66666666666667, "percent_covered_display": "97", "missing_lines": 1, "excluded_lines": 0}, "missing_lines": [47], "excluded_lines": []}}, "classes": {"ConfigureApplicationInputs": {"executed_lines": [99, 102, 105, 106, 107, 108, 112, 117, 120, 121, 122, 123, 124, 127, 128, 133, 136, 138, 142, 144, 146, 147, 162, 163, 164, 170, 174, 176, 177, 178, 179, 180, 182, 183, 198, 199, 200, 213, 214, 217, 220, 221, 222, 226, 229, 231, 232, 233, 234, 243, 244, 247, 250, 252, 256, 257, 260, 262, 276, 280, 282, 285, 286, 287, 288, 290, 291, 292, 295, 296, 299, 303, 304, 305, 307, 310, 311, 314, 315, 318, 325, 327, 330, 331, 335, 338, 339, 340, 341, 342, 343, 348, 351, 353, 365, 368, 371, 373, 374, 375, 377, 378, 385, 386, 389, 390, 391, 392, 393, 395, 398, 401], "summary": {"covered_lines": 112, "num_statements": 159, "percent_covered": 70.44025157232704, "percent_covered_display": "70", "missing_lines": 47, "excluded_lines": 0}, "missing_lines": [129, 130, 149, 150, 152, 153, 154, 155, 156, 165, 167, 171, 172, 184, 185, 186, 187, 188, 189, 190, 193, 195, 196, 204, 205, 206, 209, 235, 236, 237, 238, 240, 241, 245, 258, 300, 308, 312, 316, 326, 328, 344, 345, 346, 394, 397, 400], "excluded_lines": []}, "": {"executed_lines": [1, 2, 3, 4, 5, 6, 7, 10, 13, 14, 17, 18, 19, 21, 24, 46, 97, 98, 101, 114, 140, 169, 228, 284, 337, 350, 355, 370, 380], "summary": {"covered_lines": 29, "num_statements": 69, "percent_covered": 42.028985507246375, "percent_covered_display": "42", "missing_lines": 40, "excluded_lines": 0}, "missing_lines": [26, 28, 29, 31, 33, 35, 37, 38, 39, 41, 43, 47, 48, 49, 50, 51, 52, 55, 57, 59, 60, 61, 62, 63, 67, 71, 75, 76, 77, 78, 79, 80, 81, 82, 84, 85, 86, 90, 92, 94], "excluded_lines": []}}}, "src/assetutilities/common/__init__.py": {"executed_lines": [1, 3], "summary": {"covered_lines": 2, "num_statements": 2, "percent_covered": 100.0, "percent_covered_display": "100", "missing_lines": 0, "excluded_lines": 0}, "missing_lines": [], "excluded_lines": [], "functions": {"": {"executed_lines": [1, 3], "summary": {"covered_lines": 2, "num_statements": 2, "percent_covered": 100.0, "percent_covered_display": "100", "missing_lines": 0, "excluded_lines": 0}, "missing_lines": [], "excluded_lines": []}}, "classes": {"": {"executed_lines": [1, 3], "summary": {"covered_lines": 2, "num_statements": 2, "percent_covered": 100.0, "percent_covered_display": "100", "missing_lines": 0, "excluded_lines": 0}, "missing_lines": [], "excluded_lines": []}}}, "src/assetutilities/common/cli_parser.py": {"executed_lines": [1, 8, 9, 12, 36, 39, 40, 42, 43, 44, 45, 48, 49, 52, 53, 55, 73, 74, 75, 76, 81, 87, 89, 92, 94, 97, 110, 113, 116, 117, 119, 120, 135, 137, 139, 140, 152, 155, 158, 161, 172, 177, 179, 183, 187, 188, 191, 192, 193, 196, 199, 216], "summary": {"covered_lines": 51, "num_statements": 88, "percent_covered": 57.95454545454545, "percent_covered_display": "58", "missing_lines": 37, "excluded_lines": 0}, "missing_lines": [37, 57, 60, 61, 62, 63, 64, 65, 66, 67, 69, 70, 78, 82, 84, 86, 122, 126, 129, 130, 131, 132, 142, 143, 144, 145, 146, 147, 156, 174, 178, 180, 184, 189, 210, 212, 221], "excluded_lines": [], "functions": {"parse_cli_arguments": {"executed_lines": [36, 39, 40, 42, 43, 44, 45, 48, 49, 52, 53, 55, 73, 74, 75, 76, 81, 87, 89, 92, 94], "summary": {"covered_lines": 21, "num_statements": 37, "percent_covered": 56.75675675675676, "percent_covered_display": "57", "missing_lines": 16, "excluded_lines": 0}, "missing_lines": [37, 57, 60, 61, 62, 63, 64, 65, 66, 67, 69, 70, 78, 82, 84, 86], "excluded_lines": []}, "parse_hybrid_arguments": {"executed_lines": [110, 113, 116, 117, 119, 120, 135, 137, 139, 140, 152, 155, 158], "summary": {"covered_lines": 13, "num_statements": 26, "percent_covered": 50.0, "percent_covered_display": "50", "missing_lines": 13, "excluded_lines": 0}, "missing_lines": [122, 126, 129, 130, 131, 132, 142, 143, 144, 145, 146, 147, 156], "excluded_lines": []}, "_parse_value": {"executed_lines": [172, 177, 179, 183, 187, 188, 191, 192, 193, 196], "summary": {"covered_lines": 10, "num_statements": 15, "percent_covered": 66.66666666666667, "percent_covered_display": "67", "missing_lines": 5, "excluded_lines": 0}, "missing_lines": [174, 178, 180, 184, 189], "excluded_lines": []}, "merge_cli_with_config": {"executed_lines": [], "summary": {"covered_lines": 0, "num_statements": 2, "percent_covered": 0.0, "percent_covered_display": "0", "missing_lines": 2, "excluded_lines": 0}, "missing_lines": [210, 212], "excluded_lines": []}, "parse_modern_cli_args": {"executed_lines": [], "summary": {"covered_lines": 0, "num_statements": 1, "percent_covered": 0.0, "percent_covered_display": "0", "missing_lines": 1, "excluded_lines": 0}, "missing_lines": [221], "excluded_lines": []}, "": {"executed_lines": [1, 8, 9, 12, 97, 161, 199, 216], "summary": {"covered_lines": 7, "num_statements": 7, "percent_covered": 100.0, "percent_covered_display": "100", "missing_lines": 0, "excluded_lines": 0}, "missing_lines": [], "excluded_lines": []}}, "classes": {"": {"executed_lines": [1, 8, 9, 12, 36, 39, 40, 42, 43, 44, 45, 48, 49, 52, 53, 55, 73, 74, 75, 76, 81, 87, 89, 92, 94, 97, 110, 113, 116, 117, 119, 120, 135, 137, 139, 140, 152, 155, 158, 161, 172, 177, 179, 183, 187, 188, 191, 192, 193, 196, 199, 216], "summary": {"covered_lines": 51, "num_statements": 88, "percent_covered": 57.95454545454545, "percent_covered_display": "58", "missing_lines": 37, "excluded_lines": 0}, "missing_lines": [37, 57, 60, 61, 62, 63, 64, 65, 66, 67, 69, 70, 78, 82, 84, 86, 122, 126, 129, 130, 131, 132, 142, 143, 144, 145, 146, 147, 156, 174, 178, 180, 184, 189, 210, 212, 221], "excluded_lines": []}}}, "src/assetutilities/common/data.py": {"executed_lines": [1, 4, 5, 6, 7, 8, 9, 10, 11, 13, 16, 17, 18, 20, 23, 24, 25, 27, 53, 54, 57, 64, 65, 66, 69, 70, 71, 72, 73, 74, 75, 77, 79, 80, 82, 84, 101, 133, 176, 187, 196, 197, 199, 200, 201, 202, 203, 204, 205, 206, 207, 209, 210, 212, 223, 234, 246, 252, 254, 255, 259, 261, 262, 263, 264, 265, 266, 267, 269, 270, 271, 272, 273, 275, 276, 281, 283, 294, 331, 333, 334, 341, 342, 343, 345, 346, 348, 349, 350, 352, 353, 355, 357, 358, 360, 362, 363, 365, 366, 368, 371, 373, 375, 380, 382, 383, 384, 385, 386, 387, 389, 390, 392, 393, 394, 396, 399, 402, 403, 432, 433, 435, 437, 438, 439, 441, 442, 443, 444, 445, 446, 447, 448, 449, 450, 451, 452, 454, 455, 456, 457, 458, 459, 461, 462, 463, 465, 467, 468, 469, 470, 472, 473, 474, 475, 477, 479, 480, 483, 484, 486, 488, 489, 491, 493, 495, 496, 497, 499, 502, 508, 512, 513, 514, 518, 519, 521, 522, 523, 524, 534, 535, 536, 538, 556, 562, 587, 616, 645, 652, 675, 722, 723, 724, 725, 727, 739, 740, 742, 744, 745, 747, 757, 758, 759, 760, 763, 765, 766, 767, 769, 771, 772, 774, 775, 776, 778, 781, 782, 784, 786, 789, 792, 793, 799, 827, 831, 873, 879, 880, 881, 882, 883, 885, 887, 888, 889, 890, 892, 894, 908, 910, 912, 913, 914, 915, 916, 917, 918, 921, 922, 926, 927, 928, 930, 933, 934, 935, 936, 937, 939, 940, 941, 942, 943, 944, 945, 946, 947, 948, 949, 950, 954, 958, 962, 963, 967, 968, 970, 971, 972, 973, 974, 975, 976, 977, 979, 981, 982, 983, 984, 985, 986, 987, 988, 989, 990, 991, 993, 1047, 1057, 1058, 1059, 1060, 1061, 1062, 1063, 1064, 1065, 1066, 1068, 1071, 1072, 1073, 1075, 1079, 1081, 1082, 1083, 1084, 1086, 1088, 1091, 1092, 1095, 1107, 1141, 1142, 1143, 1144, 1145, 1147, 1149, 1151, 1152, 1153, 1155, 1157, 1159, 1162, 1163, 1164, 1174, 1177, 1178, 1182, 1185, 1190, 1207, 1208, 1209, 1211, 1212, 1214], "summary": {"covered_lines": 352, "num_statements": 695, "percent_covered": 50.64748201438849, "percent_covered_display": "51", "missing_lines": 343, "excluded_lines": 10}, "missing_lines": [29, 31, 32, 34, 36, 37, 45, 46, 47, 48, 50, 55, 59, 61, 67, 91, 93, 95, 96, 99, 103, 105, 106, 107, 111, 112, 113, 117, 118, 124, 125, 126, 127, 128, 129, 131, 139, 140, 142, 143, 145, 146, 150, 151, 153, 154, 155, 156, 157, 158, 160, 163, 164, 165, 166, 167, 168, 169, 170, 172, 174, 180, 181, 182, 183, 185, 189, 191, 192, 194, 213, 214, 215, 216, 217, 219, 221, 225, 227, 232, 236, 238, 243, 244, 250, 285, 286, 287, 288, 289, 290, 292, 296, 299, 300, 301, 302, 303, 305, 306, 307, 310, 311, 313, 314, 315, 317, 318, 319, 323, 324, 325, 326, 327, 329, 336, 338, 339, 369, 405, 408, 410, 415, 416, 418, 419, 421, 422, 423, 424, 425, 426, 429, 500, 501, 504, 506, 507, 509, 510, 526, 528, 529, 543, 544, 546, 548, 549, 550, 551, 553, 554, 564, 565, 567, 568, 569, 570, 571, 572, 574, 576, 577, 578, 579, 584, 585, 589, 591, 592, 594, 595, 597, 614, 619, 620, 621, 622, 623, 624, 626, 627, 633, 634, 638, 646, 649, 650, 654, 656, 657, 658, 667, 668, 669, 670, 671, 673, 690, 691, 693, 694, 695, 696, 697, 699, 700, 703, 704, 706, 710, 711, 713, 714, 715, 716, 717, 719, 720, 728, 729, 730, 731, 732, 733, 735, 736, 748, 750, 754, 797, 801, 803, 804, 805, 806, 807, 808, 809, 810, 811, 812, 813, 814, 815, 816, 817, 818, 819, 821, 822, 823, 824, 825, 829, 832, 834, 836, 837, 838, 841, 844, 848, 850, 852, 853, 854, 858, 859, 862, 865, 871, 874, 875, 877, 895, 896, 898, 900, 901, 902, 903, 904, 906, 919, 951, 955, 959, 994, 995, 996, 998, 1000, 1008, 1009, 1010, 1014, 1016, 1019, 1022, 1023, 1024, 1026, 1027, 1028, 1030, 1032, 1033, 1036, 1037, 1040, 1041, 1042, 1044, 1045, 1048, 1049, 1050, 1051, 1052, 1054, 1055, 1076, 1077, 1093, 1096, 1097, 1165, 1166, 1167, 1170, 1183, 1186, 1187, 1188, 1199, 1201, 1202, 1203, 1204, 1215, 1216, 1217], "excluded_lines": [1107, 1109, 1110, 1111, 1123, 1125, 1126, 1133, 1137, 1138], "functions": {"ReadFromExcel.__init__": {"executed_lines": [25], "summary": {"covered_lines": 1, "num_statements": 1, "percent_covered": 100.0, "percent_covered_display": "100", "missing_lines": 0, "excluded_lines": 0}, "missing_lines": [], "excluded_lines": []}, "ReadFromExcel.from_xlsx": {"executed_lines": [], "summary": {"covered_lines": 0, "num_statements": 11, "percent_covered": 0.0, "percent_covered_display": "0", "missing_lines": 11, "excluded_lines": 0}, "missing_lines": [29, 31, 32, 34, 36, 37, 45, 46, 47, 48, 50], "excluded_lines": []}, "ReadFromCSV.__init__": {"executed_lines": [], "summary": {"covered_lines": 0, "num_statements": 1, "percent_covered": 0.0, "percent_covered_display": "0", "missing_lines": 1, "excluded_lines": 0}, "missing_lines": [55], "excluded_lines": []}, "ReadFromCSV.to_df": {"executed_lines": [], "summary": {"covered_lines": 0, "num_statements": 2, "percent_covered": 0.0, "percent_covered_display": "0", "missing_lines": 2, "excluded_lines": 0}, "missing_lines": [59, 61], "excluded_lines": []}, "ReadData.df_filter_by_column_values": {"executed_lines": [66, 69, 70, 71, 72, 73, 74, 75, 77], "summary": {"covered_lines": 9, "num_statements": 10, "percent_covered": 90.0, "percent_covered_display": "90", "missing_lines": 1, "excluded_lines": 0}, "missing_lines": [67], "excluded_lines": []}, "ReadData.from_df_delete_unwanted_columns": {"executed_lines": [80, 82], "summary": {"covered_lines": 2, "num_statements": 2, "percent_covered": 100.0, "percent_covered_display": "100", "missing_lines": 0, "excluded_lines": 0}, "missing_lines": [], "excluded_lines": []}, "ReadData.from_xlsx_get_line_number_containing_keyword": {"executed_lines": [], "summary": {"covered_lines": 0, "num_statements": 5, "percent_covered": 0.0, "percent_covered_display": "0", "missing_lines": 5, "excluded_lines": 0}, "missing_lines": [91, 93, 95, 96, 99], "excluded_lines": []}, "ReadData.xlsx_to_df_by_keyword_search": {"executed_lines": [], "summary": {"covered_lines": 0, "num_statements": 16, "percent_covered": 0.0, "percent_covered_display": "0", "missing_lines": 16, "excluded_lines": 0}, "missing_lines": [103, 105, 106, 107, 111, 112, 113, 117, 118, 124, 125, 126, 127, 128, 129, 131], "excluded_lines": []}, "ReadData.superseded_xlsx_to_df_by_keyword_search": {"executed_lines": [], "summary": {"covered_lines": 0, "num_statements": 25, "percent_covered": 0.0, "percent_covered_display": "0", "missing_lines": 25, "excluded_lines": 0}, "missing_lines": [139, 140, 142, 143, 145, 146, 150, 151, 153, 154, 155, 156, 157, 158, 160, 163, 164, 165, 166, 167, 168, 169, 170, 172, 174], "excluded_lines": []}, "ReadData.from_xlsx_get_WorkSheetRowNumberWithText": {"executed_lines": [], "summary": {"covered_lines": 0, "num_statements": 5, "percent_covered": 0.0, "percent_covered_display": "0", "missing_lines": 5, "excluded_lines": 0}, "missing_lines": [180, 181, 182, 183, 185], "excluded_lines": []}, "ReadData.read_yml_file": {"executed_lines": [], "summary": {"covered_lines": 0, "num_statements": 4, "percent_covered": 0.0, "percent_covered_display": "0", "missing_lines": 4, "excluded_lines": 0}, "missing_lines": [189, 191, 192, 194], "excluded_lines": []}, "ReadData.extract_from_dictionary": {"executed_lines": [197], "summary": {"covered_lines": 1, "num_statements": 1, "percent_covered": 100.0, "percent_covered_display": "100", "missing_lines": 0, "excluded_lines": 0}, "missing_lines": [], "excluded_lines": []}, "ReadData.key_chain": {"executed_lines": [200, 201, 202, 203, 204, 205, 206, 207, 209, 210], "summary": {"covered_lines": 10, "num_statements": 10, "percent_covered": 100.0, "percent_covered_display": "100", "missing_lines": 0, "excluded_lines": 0}, "missing_lines": [], "excluded_lines": []}, "ReadData.from_pdf": {"executed_lines": [], "summary": {"covered_lines": 0, "num_statements": 7, "percent_covered": 0.0, "percent_covered_display": "0", "missing_lines": 7, "excluded_lines": 0}, "missing_lines": [213, 214, 215, 216, 217, 219, 221], "excluded_lines": []}, "ReadData.from_pdf_tabula": {"executed_lines": [], "summary": {"covered_lines": 0, "num_statements": 3, "percent_covered": 0.0, "percent_covered_display": "0", "missing_lines": 3, "excluded_lines": 0}, "missing_lines": [225, 227, 232], "excluded_lines": []}, "ReadData.from_pdf_camelot": {"executed_lines": [], "summary": {"covered_lines": 0, "num_statements": 4, "percent_covered": 0.0, "percent_covered_display": "0", "missing_lines": 4, "excluded_lines": 0}, "missing_lines": [236, 238, 243, 244], "excluded_lines": []}, "ReadData.update_extension_of_filename": {"executed_lines": [], "summary": {"covered_lines": 0, "num_statements": 1, "percent_covered": 0.0, "percent_covered_display": "0", "missing_lines": 1, "excluded_lines": 0}, "missing_lines": [250], "excluded_lines": []}, "ReadData.from_ascii_file_get_line_number_containing_keywords": {"executed_lines": [254, 255, 259], "summary": {"covered_lines": 3, "num_statements": 3, "percent_covered": 100.0, "percent_covered_display": "100", "missing_lines": 0, "excluded_lines": 0}, "missing_lines": [], "excluded_lines": []}, "ReadData.get_array_rows_containing_keywords": {"executed_lines": [262, 263, 264, 265, 266, 267, 269, 270, 271, 272, 273, 275, 276, 281], "summary": {"covered_lines": 14, "num_statements": 14, "percent_covered": 100.0, "percent_covered_display": "100", "missing_lines": 0, "excluded_lines": 0}, "missing_lines": [], "excluded_lines": []}, "ReadData.from_ascii_file_get_value": {"executed_lines": [], "summary": {"covered_lines": 0, "num_statements": 7, "percent_covered": 0.0, "percent_covered_display": "0", "missing_lines": 7, "excluded_lines": 0}, "missing_lines": [285, 286, 287, 288, 289, 290, 292], "excluded_lines": []}, "ReadData.from_ascii_file_get_structured_data_delimited_white_space": {"executed_lines": [], "summary": {"covered_lines": 0, "num_statements": 23, "percent_covered": 0.0, "percent_covered_display": "0", "missing_lines": 23, "excluded_lines": 0}, "missing_lines": [296, 299, 300, 301, 302, 303, 305, 306, 307, 310, 311, 313, 314, 315, 317, 318, 319, 323, 324, 325, 326, 327, 329], "excluded_lines": []}, "ReadData.from_ascii_file_get_lines_as_string_arrays": {"executed_lines": [333, 334, 341, 342, 343, 345, 346, 348, 349, 350, 352, 353, 355, 357, 358, 360, 362, 363, 365, 366, 368, 371, 373], "summary": {"covered_lines": 23, "num_statements": 27, "percent_covered": 85.18518518518519, "percent_covered_display": "85", "missing_lines": 4, "excluded_lines": 0}, "missing_lines": [336, 338, 339, 369], "excluded_lines": []}, "ReadData.get_file_list_from_folder": {"executed_lines": [380, 382, 383, 384, 385, 386, 387, 389, 390, 392, 393, 394, 396, 399], "summary": {"covered_lines": 14, "num_statements": 14, "percent_covered": 100.0, "percent_covered_display": "100", "missing_lines": 0, "excluded_lines": 0}, "missing_lines": [], "excluded_lines": []}, "GetData.download_file_from_url": {"executed_lines": [], "summary": {"covered_lines": 0, "num_statements": 14, "percent_covered": 0.0, "percent_covered_display": "0", "missing_lines": 14, "excluded_lines": 0}, "missing_lines": [405, 408, 410, 415, 416, 418, 419, 421, 422, 423, 424, 425, 426, 429], "excluded_lines": []}, "FromString.using_regex": {"executed_lines": [435, 437, 438, 439], "summary": {"covered_lines": 4, "num_statements": 4, "percent_covered": 100.0, "percent_covered_display": "100", "missing_lines": 0, "excluded_lines": 0}, "missing_lines": [], "excluded_lines": []}, "FromString.convert_fraction_to_float": {"executed_lines": [442, 443, 444, 445, 446, 447, 448, 449, 450, 451, 452], "summary": {"covered_lines": 11, "num_statements": 11, "percent_covered": 100.0, "percent_covered_display": "100", "missing_lines": 0, "excluded_lines": 0}, "missing_lines": [], "excluded_lines": []}, "FromString.remove_strings": {"executed_lines": [455, 456, 457, 458, 459], "summary": {"covered_lines": 5, "num_statements": 5, "percent_covered": 100.0, "percent_covered_display": "100", "missing_lines": 0, "excluded_lines": 0}, "missing_lines": [], "excluded_lines": []}, "FromString.remove_string": {"executed_lines": [462, 463], "summary": {"covered_lines": 2, "num_statements": 2, "percent_covered": 100.0, "percent_covered_display": "100", "missing_lines": 0, "excluded_lines": 0}, "missing_lines": [], "excluded_lines": []}, "FromString.get_value_by_delimiter": {"executed_lines": [467, 468, 469, 470, 472, 473, 474, 475, 477], "summary": {"covered_lines": 9, "num_statements": 9, "percent_covered": 100.0, "percent_covered_display": "100", "missing_lines": 0, "excluded_lines": 0}, "missing_lines": [], "excluded_lines": []}, "FromString.remove_next_line_values": {"executed_lines": [480], "summary": {"covered_lines": 1, "num_statements": 1, "percent_covered": 100.0, "percent_covered_display": "100", "missing_lines": 0, "excluded_lines": 0}, "missing_lines": [], "excluded_lines": []}, "SaveData.saveDataJson": {"executed_lines": [486, 488, 489], "summary": {"covered_lines": 3, "num_statements": 3, "percent_covered": 100.0, "percent_covered_display": "100", "missing_lines": 0, "excluded_lines": 0}, "missing_lines": [], "excluded_lines": []}, "SaveData.saveDataYaml": {"executed_lines": [493, 495, 496, 497, 499, 502, 508, 512, 513, 514], "summary": {"covered_lines": 10, "num_statements": 17, "percent_covered": 58.8235294117647, "percent_covered_display": "59", "missing_lines": 7, "excluded_lines": 0}, "missing_lines": [500, 501, 504, 506, 507, 509, 510], "excluded_lines": []}, "SaveData.saveDataFrame": {"executed_lines": [519], "summary": {"covered_lines": 1, "num_statements": 1, "percent_covered": 100.0, "percent_covered_display": "100", "missing_lines": 0, "excluded_lines": 0}, "missing_lines": [], "excluded_lines": []}, "SaveData.save_ascii_file_from_array": {"executed_lines": [522, 523, 524, 534, 535, 536], "summary": {"covered_lines": 6, "num_statements": 9, "percent_covered": 66.66666666666667, "percent_covered_display": "67", "missing_lines": 3, "excluded_lines": 0}, "missing_lines": [526, 528, 529], "excluded_lines": []}, "SaveData.DataFrame_To_xlsx_xlsxwriter": {"executed_lines": [], "summary": {"covered_lines": 0, "num_statements": 9, "percent_covered": 0.0, "percent_covered_display": "0", "missing_lines": 9, "excluded_lines": 0}, "missing_lines": [543, 544, 546, 548, 549, 550, 551, 553, 554], "excluded_lines": []}, "SaveData.DataFrame_To_xlsx_openpyxl": {"executed_lines": [], "summary": {"covered_lines": 0, "num_statements": 15, "percent_covered": 0.0, "percent_covered_display": "0", "missing_lines": 15, "excluded_lines": 0}, "missing_lines": [564, 565, 567, 568, 569, 570, 571, 572, 574, 576, 577, 578, 579, 584, 585], "excluded_lines": []}, "SaveData.DataFrameArray_To_xlsx_openpyxl": {"executed_lines": [], "summary": {"covered_lines": 0, "num_statements": 7, "percent_covered": 0.0, "percent_covered_display": "0", "missing_lines": 7, "excluded_lines": 0}, "missing_lines": [589, 591, 592, 594, 595, 597, 614], "excluded_lines": []}, "SaveData.df_to_sheet_in_existing_workbook": {"executed_lines": [], "summary": {"covered_lines": 0, "num_statements": 11, "percent_covered": 0.0, "percent_covered_display": "0", "missing_lines": 11, "excluded_lines": 0}, "missing_lines": [619, 620, 621, 622, 623, 624, 626, 627, 633, 634, 638], "excluded_lines": []}, "SaveData.df_to_table_as_image": {"executed_lines": [], "summary": {"covered_lines": 0, "num_statements": 3, "percent_covered": 0.0, "percent_covered_display": "0", "missing_lines": 3, "excluded_lines": 0}, "missing_lines": [646, 649, 650], "excluded_lines": []}, "SaveData.df_to_table_as_docx": {"executed_lines": [], "summary": {"covered_lines": 0, "num_statements": 10, "percent_covered": 0.0, "percent_covered_display": "0", "missing_lines": 10, "excluded_lines": 0}, "missing_lines": [654, 656, 657, 658, 667, 668, 669, 670, 671, 673], "excluded_lines": []}, "SaveData.render_df_table": {"executed_lines": [], "summary": {"covered_lines": 0, "num_statements": 21, "percent_covered": 0.0, "percent_covered_display": "0", "missing_lines": 21, "excluded_lines": 0}, "missing_lines": [690, 691, 693, 694, 695, 696, 697, 699, 700, 703, 704, 706, 710, 711, 713, 714, 715, 716, 717, 719, 720], "excluded_lines": []}, "SaveData.write_ascii_file_from_text": {"executed_lines": [723, 724, 725], "summary": {"covered_lines": 3, "num_statements": 3, "percent_covered": 100.0, "percent_covered_display": "100", "missing_lines": 0, "excluded_lines": 0}, "missing_lines": [], "excluded_lines": []}, "SaveData.WriteOrcaFlexYMLFile": {"executed_lines": [], "summary": {"covered_lines": 0, "num_statements": 8, "percent_covered": 0.0, "percent_covered_display": "0", "missing_lines": 8, "excluded_lines": 0}, "missing_lines": [728, 729, 730, 731, 732, 733, 735, 736], "excluded_lines": []}, "DefineData.empty_data_frame": {"executed_lines": [742, 744, 745], "summary": {"covered_lines": 3, "num_statements": 3, "percent_covered": 100.0, "percent_covered_display": "100", "missing_lines": 0, "excluded_lines": 0}, "missing_lines": [], "excluded_lines": []}, "DefineData.set_value_in_dictionary": {"executed_lines": [], "summary": {"covered_lines": 0, "num_statements": 3, "percent_covered": 0.0, "percent_covered_display": "0", "missing_lines": 3, "excluded_lines": 0}, "missing_lines": [748, 750, 754], "excluded_lines": []}, "AttributeDict.__init__": {"executed_lines": [759, 760], "summary": {"covered_lines": 2, "num_statements": 2, "percent_covered": 100.0, "percent_covered_display": "100", "missing_lines": 0, "excluded_lines": 0}, "missing_lines": [], "excluded_lines": []}, "objdict.__getattr__": {"executed_lines": [766, 767, 769], "summary": {"covered_lines": 3, "num_statements": 3, "percent_covered": 100.0, "percent_covered_display": "100", "missing_lines": 0, "excluded_lines": 0}, "missing_lines": [], "excluded_lines": []}, "objdict.__setattr__": {"executed_lines": [772], "summary": {"covered_lines": 1, "num_statements": 1, "percent_covered": 100.0, "percent_covered_display": "100", "missing_lines": 0, "excluded_lines": 0}, "missing_lines": [], "excluded_lines": []}, "objdict.__delattr__": {"executed_lines": [775, 776, 778], "summary": {"covered_lines": 3, "num_statements": 3, "percent_covered": 100.0, "percent_covered_display": "100", "missing_lines": 0, "excluded_lines": 0}, "missing_lines": [], "excluded_lines": []}, "DateTimeUtility.last_day_of_month": {"executed_lines": [784, 786, 789], "summary": {"covered_lines": 3, "num_statements": 3, "percent_covered": 100.0, "percent_covered_display": "100", "missing_lines": 0, "excluded_lines": 0}, "missing_lines": [], "excluded_lines": []}, "Transform.numpy_interp": {"executed_lines": [], "summary": {"covered_lines": 0, "num_statements": 1, "percent_covered": 0.0, "percent_covered_display": "0", "missing_lines": 1, "excluded_lines": 0}, "missing_lines": [797], "excluded_lines": []}, "Transform.gis_deg_to_distance": {"executed_lines": [], "summary": {"covered_lines": 0, "num_statements": 23, "percent_covered": 0.0, "percent_covered_display": "0", "missing_lines": 23, "excluded_lines": 0}, "missing_lines": [801, 803, 804, 805, 806, 807, 808, 809, 810, 811, 812, 813, 814, 815, 816, 817, 818, 819, 821, 822, 823, 824, 825], "excluded_lines": []}, "Transform.gis_distance_to_deg": {"executed_lines": [], "summary": {"covered_lines": 0, "num_statements": 1, "percent_covered": 0.0, "percent_covered_display": "0", "missing_lines": 1, "excluded_lines": 0}, "missing_lines": [829], "excluded_lines": []}, "Transform.get_gis_converted_df_superseded": {"executed_lines": [], "summary": {"covered_lines": 0, "num_statements": 17, "percent_covered": 0.0, "percent_covered_display": "0", "missing_lines": 17, "excluded_lines": 0}, "missing_lines": [832, 834, 836, 837, 838, 841, 844, 848, 850, 852, 853, 854, 858, 859, 862, 865, 871], "excluded_lines": []}, "Transform.dataframe_to_dataframe": {"executed_lines": [], "summary": {"covered_lines": 0, "num_statements": 3, "percent_covered": 0.0, "percent_covered_display": "0", "missing_lines": 3, "excluded_lines": 0}, "missing_lines": [874, 875, 877], "excluded_lines": []}, "Transform.dataframe_to_dict": {"executed_lines": [880, 881, 882, 883, 885, 887, 888, 889, 890, 892], "summary": {"covered_lines": 10, "num_statements": 10, "percent_covered": 100.0, "percent_covered_display": "100", "missing_lines": 0, "excluded_lines": 0}, "missing_lines": [], "excluded_lines": []}, "Transform.df_JSON_strings_values_to_dict": {"executed_lines": [], "summary": {"covered_lines": 0, "num_statements": 9, "percent_covered": 0.0, "percent_covered_display": "0", "missing_lines": 9, "excluded_lines": 0}, "missing_lines": [895, 896, 898, 900, 901, 902, 903, 904, 906], "excluded_lines": []}, "Transform.dataframe_to_json": {"executed_lines": [910, 912, 913, 914, 915, 916, 917, 918, 921, 922, 926, 927, 928], "summary": {"covered_lines": 13, "num_statements": 14, "percent_covered": 92.85714285714286, "percent_covered_display": "93", "missing_lines": 1, "excluded_lines": 0}, "missing_lines": [919], "excluded_lines": []}, "Transform.df_transform_repeat_columns_to_unique_columns": {"executed_lines": [933, 934, 935, 936, 937], "summary": {"covered_lines": 5, "num_statements": 5, "percent_covered": 100.0, "percent_covered_display": "100", "missing_lines": 0, "excluded_lines": 0}, "missing_lines": [], "excluded_lines": []}, "Transform.transform_list_to_unique_list": {"executed_lines": [940, 941, 942, 943, 944, 945, 946, 947, 948, 949, 950, 954, 958, 962, 963, 967, 968], "summary": {"covered_lines": 17, "num_statements": 20, "percent_covered": 85.0, "percent_covered_display": "85", "missing_lines": 3, "excluded_lines": 0}, "missing_lines": [951, 955, 959], "excluded_lines": []}, "Transform.add_column_to_df": {"executed_lines": [971, 972, 973, 974, 975, 976, 977, 979], "summary": {"covered_lines": 8, "num_statements": 8, "percent_covered": 100.0, "percent_covered_display": "100", "missing_lines": 0, "excluded_lines": 0}, "missing_lines": [], "excluded_lines": []}, "Transform.transpose_df": {"executed_lines": [982, 983, 984, 985, 986, 987, 988, 989, 990, 991], "summary": {"covered_lines": 10, "num_statements": 10, "percent_covered": 100.0, "percent_covered_display": "100", "missing_lines": 0, "excluded_lines": 0}, "missing_lines": [], "excluded_lines": []}, "Transform.dataframe_to_html": {"executed_lines": [], "summary": {"covered_lines": 0, "num_statements": 27, "percent_covered": 0.0, "percent_covered_display": "0", "missing_lines": 27, "excluded_lines": 0}, "missing_lines": [994, 995, 996, 998, 1000, 1008, 1009, 1010, 1014, 1016, 1019, 1022, 1023, 1024, 1026, 1027, 1028, 1030, 1032, 1033, 1036, 1037, 1040, 1041, 1042, 1044, 1045], "excluded_lines": []}, "Transform.convert_numpy_types_to_native_python_types": {"executed_lines": [], "summary": {"covered_lines": 0, "num_statements": 7, "percent_covered": 0.0, "percent_covered_display": "0", "missing_lines": 7, "excluded_lines": 0}, "missing_lines": [1048, 1049, 1050, 1051, 1052, 1054, 1055], "excluded_lines": []}, "Transform.get_transformed_df": {"executed_lines": [1058, 1059, 1060, 1061, 1062, 1063, 1064, 1065, 1066, 1068], "summary": {"covered_lines": 10, "num_statements": 10, "percent_covered": 100.0, "percent_covered_display": "100", "missing_lines": 0, "excluded_lines": 0}, "missing_lines": [], "excluded_lines": []}, "TransformData.__init__": {"executed_lines": [1073], "summary": {"covered_lines": 1, "num_statements": 1, "percent_covered": 100.0, "percent_covered_display": "100", "missing_lines": 0, "excluded_lines": 0}, "missing_lines": [], "excluded_lines": []}, "TransformData.get_transformed_data": {"executed_lines": [], "summary": {"covered_lines": 0, "num_statements": 2, "percent_covered": 0.0, "percent_covered_display": "0", "missing_lines": 2, "excluded_lines": 0}, "missing_lines": [1076, 1077], "excluded_lines": []}, "TransformData.linear": {"executed_lines": [1081, 1082, 1083, 1084, 1086, 1088], "summary": {"covered_lines": 6, "num_statements": 6, "percent_covered": 100.0, "percent_covered_display": "100", "missing_lines": 0, "excluded_lines": 0}, "missing_lines": [], "excluded_lines": []}, "TransferDataFromExcelToWord.__init__": {"executed_lines": [], "summary": {"covered_lines": 0, "num_statements": 1, "percent_covered": 0.0, "percent_covered_display": "0", "missing_lines": 1, "excluded_lines": 0}, "missing_lines": [1093], "excluded_lines": []}, "TransferDataFromExcelToWord.transfer_table_from_excel_to_word": {"executed_lines": [], "summary": {"covered_lines": 0, "num_statements": 2, "percent_covered": 0.0, "percent_covered_display": "0", "missing_lines": 2, "excluded_lines": 0}, "missing_lines": [1096, 1097], "excluded_lines": []}, "PandasChainedAssignent.__init__": {"executed_lines": [1143, 1144, 1145], "summary": {"covered_lines": 3, "num_statements": 3, "percent_covered": 100.0, "percent_covered_display": "100", "missing_lines": 0, "excluded_lines": 0}, "missing_lines": [], "excluded_lines": []}, "PandasChainedAssignent.__enter__": {"executed_lines": [1149, 1151, 1152, 1153], "summary": {"covered_lines": 4, "num_statements": 4, "percent_covered": 100.0, "percent_covered_display": "100", "missing_lines": 0, "excluded_lines": 0}, "missing_lines": [], "excluded_lines": []}, "PandasChainedAssignent.__exit__": {"executed_lines": [1157, 1159], "summary": {"covered_lines": 2, "num_statements": 2, "percent_covered": 100.0, "percent_covered_display": "100", "missing_lines": 0, "excluded_lines": 0}, "missing_lines": [], "excluded_lines": []}, "transform_df_datetime_to_str": {"executed_lines": [1163, 1164, 1174], "summary": {"covered_lines": 3, "num_statements": 7, "percent_covered": 42.857142857142854, "percent_covered_display": "43", "missing_lines": 4, "excluded_lines": 0}, "missing_lines": [1165, 1166, 1167, 1170], "excluded_lines": []}, "CopyAndPasteFiles.__init__": {"executed_lines": [], "summary": {"covered_lines": 0, "num_statements": 1, "percent_covered": 0.0, "percent_covered_display": "0", "missing_lines": 1, "excluded_lines": 0}, "missing_lines": [1183], "excluded_lines": []}, "CopyAndPasteFiles.iterate_all_cfgs": {"executed_lines": [], "summary": {"covered_lines": 0, "num_statements": 3, "percent_covered": 0.0, "percent_covered_display": "0", "missing_lines": 3, "excluded_lines": 0}, "missing_lines": [1186, 1187, 1188], "excluded_lines": []}, "CopyAndPasteFiles.copy_files": {"executed_lines": [], "summary": {"covered_lines": 0, "num_statements": 5, "percent_covered": 0.0, "percent_covered_display": "0", "missing_lines": 5, "excluded_lines": 0}, "missing_lines": [1199, 1201, 1202, 1203, 1204], "excluded_lines": []}, "NumberFormat.__init__": {"executed_lines": [1209], "summary": {"covered_lines": 1, "num_statements": 1, "percent_covered": 100.0, "percent_covered_display": "100", "missing_lines": 0, "excluded_lines": 0}, "missing_lines": [], "excluded_lines": []}, "NumberFormat.format_number": {"executed_lines": [1212], "summary": {"covered_lines": 1, "num_statements": 1, "percent_covered": 100.0, "percent_covered_display": "100", "missing_lines": 0, "excluded_lines": 0}, "missing_lines": [], "excluded_lines": []}, "NumberFormat.eformat": {"executed_lines": [], "summary": {"covered_lines": 0, "num_statements": 3, "percent_covered": 0.0, "percent_covered_display": "0", "missing_lines": 3, "excluded_lines": 0}, "missing_lines": [1215, 1216, 1217], "excluded_lines": []}, "": {"executed_lines": [1, 4, 5, 6, 7, 8, 9, 10, 11, 13, 16, 17, 18, 20, 23, 24, 27, 53, 54, 57, 64, 65, 79, 84, 101, 133, 176, 187, 196, 199, 212, 223, 234, 246, 252, 261, 283, 294, 331, 375, 402, 403, 432, 433, 441, 454, 461, 465, 479, 483, 484, 491, 518, 521, 538, 556, 562, 587, 616, 645, 652, 675, 722, 727, 739, 740, 747, 757, 758, 763, 765, 771, 774, 781, 782, 792, 793, 799, 827, 831, 873, 879, 894, 908, 930, 939, 970, 981, 993, 1047, 1057, 1071, 1072, 1075, 1079, 1091, 1092, 1095, 1107, 1141, 1142, 1147, 1155, 1162, 1177, 1178, 1182, 1185, 1190, 1207, 1208, 1211, 1214], "summary": {"covered_lines": 111, "num_statements": 111, "percent_covered": 100.0, "percent_covered_display": "100", "missing_lines": 0, "excluded_lines": 10}, "missing_lines": [], "excluded_lines": [1107, 1109, 1110, 1111, 1123, 1125, 1126, 1133, 1137, 1138]}}, "classes": {"ReadFromExcel": {"executed_lines": [25], "summary": {"covered_lines": 1, "num_statements": 12, "percent_covered": 8.333333333333334, "percent_covered_display": "8", "missing_lines": 11, "excluded_lines": 0}, "missing_lines": [29, 31, 32, 34, 36, 37, 45, 46, 47, 48, 50], "excluded_lines": []}, "ReadFromCSV": {"executed_lines": [], "summary": {"covered_lines": 0, "num_statements": 3, "percent_covered": 0.0, "percent_covered_display": "0", "missing_lines": 3, "excluded_lines": 0}, "missing_lines": [55, 59, 61], "excluded_lines": []}, "ReadData": {"executed_lines": [66, 69, 70, 71, 72, 73, 74, 75, 77, 80, 82, 197, 200, 201, 202, 203, 204, 205, 206, 207, 209, 210, 254, 255, 259, 262, 263, 264, 265, 266, 267, 269, 270, 271, 272, 273, 275, 276, 281, 333, 334, 341, 342, 343, 345, 346, 348, 349, 350, 352, 353, 355, 357, 358, 360, 362, 363, 365, 366, 368, 371, 373, 380, 382, 383, 384, 385, 386, 387, 389, 390, 392, 393, 394, 396, 399], "summary": {"covered_lines": 76, "num_statements": 181, "percent_covered": 41.988950276243095, "percent_covered_display": "42", "missing_lines": 105, "excluded_lines": 0}, "missing_lines": [67, 91, 93, 95, 96, 99, 103, 105, 106, 107, 111, 112, 113, 117, 118, 124, 125, 126, 127, 128, 129, 131, 139, 140, 142, 143, 145, 146, 150, 151, 153, 154, 155, 156, 157, 158, 160, 163, 164, 165, 166, 167, 168, 169, 170, 172, 174, 180, 181, 182, 183, 185, 189, 191, 192, 194, 213, 214, 215, 216, 217, 219, 221, 225, 227, 232, 236, 238, 243, 244, 250, 285, 286, 287, 288, 289, 290, 292, 296, 299, 300, 301, 302, 303, 305, 306, 307, 310, 311, 313, 314, 315, 317, 318, 319, 323, 324, 325, 326, 327, 329, 336, 338, 339, 369], "excluded_lines": []}, "GetData": {"executed_lines": [], "summary": {"covered_lines": 0, "num_statements": 14, "percent_covered": 0.0, "percent_covered_display": "0", "missing_lines": 14, "excluded_lines": 0}, "missing_lines": [405, 408, 410, 415, 416, 418, 419, 421, 422, 423, 424, 425, 426, 429], "excluded_lines": []}, "FromString": {"executed_lines": [435, 437, 438, 439, 442, 443, 444, 445, 446, 447, 448, 449, 450, 451, 452, 455, 456, 457, 458, 459, 462, 463, 467, 468, 469, 470, 472, 473, 474, 475, 477, 480], "summary": {"covered_lines": 32, "num_statements": 32, "percent_covered": 100.0, "percent_covered_display": "100", "missing_lines": 0, "excluded_lines": 0}, "missing_lines": [], "excluded_lines": []}, "SaveData": {"executed_lines": [486, 488, 489, 493, 495, 496, 497, 499, 502, 508, 512, 513, 514, 519, 522, 523, 524, 534, 535, 536, 723, 724, 725], "summary": {"covered_lines": 23, "num_statements": 117, "percent_covered": 19.65811965811966, "percent_covered_display": "20", "missing_lines": 94, "excluded_lines": 0}, "missing_lines": [500, 501, 504, 506, 507, 509, 510, 526, 528, 529, 543, 544, 546, 548, 549, 550, 551, 553, 554, 564, 565, 567, 568, 569, 570, 571, 572, 574, 576, 577, 578, 579, 584, 585, 589, 591, 592, 594, 595, 597, 614, 619, 620, 621, 622, 623, 624, 626, 627, 633, 634, 638, 646, 649, 650, 654, 656, 657, 658, 667, 668, 669, 670, 671, 673, 690, 691, 693, 694, 695, 696, 697, 699, 700, 703, 704, 706, 710, 711, 713, 714, 715, 716, 717, 719, 720, 728, 729, 730, 731, 732, 733, 735, 736], "excluded_lines": []}, "DefineData": {"executed_lines": [742, 744, 745], "summary": {"covered_lines": 3, "num_statements": 6, "percent_covered": 50.0, "percent_covered_display": "50", "missing_lines": 3, "excluded_lines": 0}, "missing_lines": [748, 750, 754], "excluded_lines": []}, "AttributeDict": {"executed_lines": [759, 760], "summary": {"covered_lines": 2, "num_statements": 2, "percent_covered": 100.0, "percent_covered_display": "100", "missing_lines": 0, "excluded_lines": 0}, "missing_lines": [], "excluded_lines": []}, "objdict": {"executed_lines": [766, 767, 769, 772, 775, 776, 778], "summary": {"covered_lines": 7, "num_statements": 7, "percent_covered": 100.0, "percent_covered_display": "100", "missing_lines": 0, "excluded_lines": 0}, "missing_lines": [], "excluded_lines": []}, "DateTimeUtility": {"executed_lines": [784, 786, 789], "summary": {"covered_lines": 3, "num_statements": 3, "percent_covered": 100.0, "percent_covered_display": "100", "missing_lines": 0, "excluded_lines": 0}, "missing_lines": [], "excluded_lines": []}, "Transform": {"executed_lines": [880, 881, 882, 883, 885, 887, 888, 889, 890, 892, 910, 912, 913, 914, 915, 916, 917, 918, 921, 922, 926, 927, 928, 933, 934, 935, 936, 937, 940, 941, 942, 943, 944, 945, 946, 947, 948, 949, 950, 954, 958, 962, 963, 967, 968, 971, 972, 973, 974, 975, 976, 977, 979, 982, 983, 984, 985, 986, 987, 988, 989, 990, 991, 1058, 1059, 1060, 1061, 1062, 1063, 1064, 1065, 1066, 1068], "summary": {"covered_lines": 73, "num_statements": 165, "percent_covered": 44.24242424242424, "percent_covered_display": "44", "missing_lines": 92, "excluded_lines": 0}, "missing_lines": [797, 801, 803, 804, 805, 806, 807, 808, 809, 810, 811, 812, 813, 814, 815, 816, 817, 818, 819, 821, 822, 823, 824, 825, 829, 832, 834, 836, 837, 838, 841, 844, 848, 850, 852, 853, 854, 858, 859, 862, 865, 871, 874, 875, 877, 895, 896, 898, 900, 901, 902, 903, 904, 906, 919, 951, 955, 959, 994, 995, 996, 998, 1000, 1008, 1009, 1010, 1014, 1016, 1019, 1022, 1023, 1024, 1026, 1027, 1028, 1030, 1032, 1033, 1036, 1037, 1040, 1041, 1042, 1044, 1045, 1048, 1049, 1050, 1051, 1052, 1054, 1055], "excluded_lines": []}, "TransformData": {"executed_lines": [1073, 1081, 1082, 1083, 1084, 1086, 1088], "summary": {"covered_lines": 7, "num_statements": 9, "percent_covered": 77.77777777777777, "percent_covered_display": "78", "missing_lines": 2, "excluded_lines": 0}, "missing_lines": [1076, 1077], "excluded_lines": []}, "TransferDataFromExcelToWord": {"executed_lines": [], "summary": {"covered_lines": 0, "num_statements": 3, "percent_covered": 0.0, "percent_covered_display": "0", "missing_lines": 3, "excluded_lines": 0}, "missing_lines": [1093, 1096, 1097], "excluded_lines": []}, "PandasChainedAssignent": {"executed_lines": [1143, 1144, 1145, 1149, 1151, 1152, 1153, 1157, 1159], "summary": {"covered_lines": 9, "num_statements": 9, "percent_covered": 100.0, "percent_covered_display": "100", "missing_lines": 0, "excluded_lines": 0}, "missing_lines": [], "excluded_lines": []}, "CopyAndPasteFiles": {"executed_lines": [], "summary": {"covered_lines": 0, "num_statements": 9, "percent_covered": 0.0, "percent_covered_display": "0", "missing_lines": 9, "excluded_lines": 0}, "missing_lines": [1183, 1186, 1187, 1188, 1199, 1201, 1202, 1203, 1204], "excluded_lines": []}, "NumberFormat": {"executed_lines": [1209, 1212], "summary": {"covered_lines": 2, "num_statements": 5, "percent_covered": 40.0, "percent_covered_display": "40", "missing_lines": 3, "excluded_lines": 0}, "missing_lines": [1215, 1216, 1217], "excluded_lines": []}, "": {"executed_lines": [1, 4, 5, 6, 7, 8, 9, 10, 11, 13, 16, 17, 18, 20, 23, 24, 27, 53, 54, 57, 64, 65, 79, 84, 101, 133, 176, 187, 196, 199, 212, 223, 234, 246, 252, 261, 283, 294, 331, 375, 402, 403, 432, 433, 441, 454, 461, 465, 479, 483, 484, 491, 518, 521, 538, 556, 562, 587, 616, 645, 652, 675, 722, 727, 739, 740, 747, 757, 758, 763, 765, 771, 774, 781, 782, 792, 793, 799, 827, 831, 873, 879, 894, 908, 930, 939, 970, 981, 993, 1047, 1057, 1071, 1072, 1075, 1079, 1091, 1092, 1095, 1107, 1141, 1142, 1147, 1155, 1162, 1163, 1164, 1174, 1177, 1178, 1182, 1185, 1190, 1207, 1208, 1211, 1214], "summary": {"covered_lines": 114, "num_statements": 118, "percent_covered": 96.61016949152543, "percent_covered_display": "97", "missing_lines": 4, "excluded_lines": 10}, "missing_lines": [1165, 1166, 1167, 1170], "excluded_lines": [1107, 1109, 1110, 1111, 1123, 1125, 1126, 1133, 1137, 1138]}}}, "src/assetutilities/common/data_management.py": {"executed_lines": [2, 5, 8, 9, 11, 12, 15, 16, 17, 19, 20, 22, 23, 24, 25, 27, 29, 31, 32, 33, 34, 35, 38, 39, 41, 42, 43, 44, 45, 46, 48, 50, 51, 52, 53, 54, 56, 57, 58, 59, 61], "summary": {"covered_lines": 41, "num_statements": 41, "percent_covered": 100.0, "percent_covered_display": "100", "missing_lines": 0, "excluded_lines": 0}, "missing_lines": [], "excluded_lines": [], "functions": {"DataManagement.__init__": {"executed_lines": [17], "summary": {"covered_lines": 1, "num_statements": 1, "percent_covered": 100.0, "percent_covered_display": "100", "missing_lines": 0, "excluded_lines": 0}, "missing_lines": [], "excluded_lines": []}, "DataManagement.router": {"executed_lines": [20], "summary": {"covered_lines": 1, "num_statements": 1, "percent_covered": 100.0, "percent_covered_display": "100", "missing_lines": 0, "excluded_lines": 0}, "missing_lines": [], "excluded_lines": []}, "DataManagement.get_df_data": {"executed_lines": [23, 24, 25, 27, 29], "summary": {"covered_lines": 5, "num_statements": 5, "percent_covered": 100.0, "percent_covered_display": "100", "missing_lines": 0, "excluded_lines": 0}, "missing_lines": [], "excluded_lines": []}, "DataManagement.get_df_array_from_cfg": {"executed_lines": [32, 33, 34, 35, 38, 39, 41, 42, 43, 44, 45, 46, 48], "summary": {"covered_lines": 13, "num_statements": 13, "percent_covered": 100.0, "percent_covered_display": "100", "missing_lines": 0, "excluded_lines": 0}, "missing_lines": [], "excluded_lines": []}, "DataManagement.get_filtered_df": {"executed_lines": [51, 52, 53, 54], "summary": {"covered_lines": 4, "num_statements": 4, "percent_covered": 100.0, "percent_covered_display": "100", "missing_lines": 0, "excluded_lines": 0}, "missing_lines": [], "excluded_lines": []}, "DataManagement.get_transformed_df": {"executed_lines": [57, 58, 59, 61], "summary": {"covered_lines": 4, "num_statements": 4, "percent_covered": 100.0, "percent_covered_display": "100", "missing_lines": 0, "excluded_lines": 0}, "missing_lines": [], "excluded_lines": []}, "": {"executed_lines": [2, 5, 8, 9, 11, 12, 15, 16, 19, 22, 31, 50, 56], "summary": {"covered_lines": 13, "num_statements": 13, "percent_covered": 100.0, "percent_covered_display": "100", "missing_lines": 0, "excluded_lines": 0}, "missing_lines": [], "excluded_lines": []}}, "classes": {"DataManagement": {"executed_lines": [17, 20, 23, 24, 25, 27, 29, 32, 33, 34, 35, 38, 39, 41, 42, 43, 44, 45, 46, 48, 51, 52, 53, 54, 57, 58, 59, 61], "summary": {"covered_lines": 28, "num_statements": 28, "percent_covered": 100.0, "percent_covered_display": "100", "missing_lines": 0, "excluded_lines": 0}, "missing_lines": [], "excluded_lines": []}, "": {"executed_lines": [2, 5, 8, 9, 11, 12, 15, 16, 19, 22, 31, 50, 56], "summary": {"covered_lines": 13, "num_statements": 13, "percent_covered": 100.0, "percent_covered_display": "100", "missing_lines": 0, "excluded_lines": 0}, "missing_lines": [], "excluded_lines": []}}}, "src/assetutilities/common/database.py": {"executed_lines": [], "summary": {"covered_lines": 0, "num_statements": 631, "percent_covered": 0.0, "percent_covered_display": "0", "missing_lines": 631, "excluded_lines": 0}, "missing_lines": [1, 2, 5, 6, 7, 8, 9, 10, 11, 12, 13, 14, 19, 22, 23, 25, 26, 28, 29, 30, 31, 32, 33, 36, 37, 40, 41, 42, 44, 45, 47, 48, 49, 50, 51, 52, 53, 54, 55, 56, 57, 58, 59, 61, 62, 63, 65, 66, 67, 68, 69, 70, 71, 73, 75, 76, 77, 78, 79, 80, 81, 82, 84, 85, 86, 88, 89, 90, 91, 92, 93, 94, 95, 97, 98, 100, 102, 103, 105, 106, 109, 110, 111, 122, 133, 134, 138, 141, 145, 149, 150, 153, 154, 155, 161, 163, 164, 168, 178, 179, 183, 184, 185, 187, 188, 190, 192, 193, 196, 197, 198, 199, 200, 204, 205, 206, 207, 210, 211, 212, 214, 215, 217, 219, 220, 223, 224, 225, 227, 228, 230, 231, 232, 233, 234, 235, 237, 238, 240, 241, 244, 246, 248, 250, 252, 255, 259, 260, 262, 264, 265, 267, 269, 272, 276, 277, 279, 280, 282, 283, 284, 286, 287, 288, 289, 290, 291, 292, 293, 296, 297, 298, 299, 302, 303, 307, 308, 309, 312, 318, 320, 321, 322, 323, 324, 328, 335, 337, 338, 340, 342, 343, 344, 346, 348, 349, 350, 352, 353, 355, 357, 358, 359, 361, 362, 364, 365, 367, 373, 374, 375, 376, 378, 380, 381, 383, 389, 390, 391, 392, 394, 396, 397, 399, 405, 406, 407, 408, 410, 412, 413, 415, 416, 417, 418, 419, 420, 421, 422, 423, 424, 427, 428, 430, 432, 433, 435, 436, 438, 439, 440, 441, 442, 445, 446, 447, 448, 449, 450, 454, 455, 457, 458, 459, 465, 466, 467, 469, 471, 472, 473, 475, 476, 477, 478, 479, 480, 481, 482, 483, 484, 488, 491, 492, 493, 494, 495, 496, 497, 498, 499, 515, 516, 520, 523, 524, 526, 527, 528, 529, 530, 531, 532, 533, 534, 535, 538, 546, 547, 548, 549, 550, 551, 552, 568, 569, 573, 574, 576, 577, 579, 580, 582, 583, 584, 585, 586, 591, 592, 595, 596, 597, 598, 601, 604, 607, 610, 616, 621, 624, 625, 626, 633, 634, 636, 642, 647, 648, 649, 655, 656, 658, 659, 660, 666, 667, 668, 670, 672, 673, 675, 676, 677, 678, 679, 680, 682, 683, 684, 685, 686, 687, 688, 689, 690, 692, 693, 694, 695, 696, 697, 698, 700, 701, 702, 711, 713, 714, 715, 716, 717, 718, 719, 728, 737, 740, 741, 742, 743, 744, 746, 747, 749, 750, 751, 753, 761, 763, 764, 772, 774, 777, 778, 779, 780, 782, 784, 785, 787, 788, 789, 795, 796, 797, 798, 800, 802, 811, 813, 814, 821, 822, 825, 831, 832, 833, 836, 838, 840, 841, 843, 844, 845, 846, 847, 848, 849, 850, 851, 852, 853, 856, 857, 860, 861, 869, 870, 880, 881, 882, 883, 884, 885, 887, 888, 889, 890, 891, 893, 894, 896, 897, 898, 899, 900, 901, 902, 903, 904, 905, 906, 907, 908, 912, 913, 914, 915, 916, 918, 920, 921, 923, 924, 925, 926, 927, 928, 929, 930, 931, 932, 933, 934, 935, 936, 939, 940, 941, 943, 944, 945, 946, 947, 948, 950, 951, 953, 954, 955, 956, 957, 958, 959, 960, 961, 963, 965, 966, 972, 973, 974, 975, 976, 977, 978, 980, 982, 984, 985, 986, 990, 991, 993, 994, 995, 1001, 1002, 1003, 1005, 1007, 1008, 1009, 1010, 1011, 1012, 1013, 1016, 1019, 1027, 1028, 1029, 1030, 1033, 1034, 1039, 1040, 1043, 1044, 1045, 1049, 1050, 1051, 1053, 1054, 1055, 1057, 1059, 1060, 1061, 1062, 1063, 1064, 1066, 1067, 1069, 1070, 1072, 1074, 1075, 1076, 1077, 1078, 1079, 1080, 1082, 1085, 1086, 1089, 1091, 1094, 1095, 1096, 1099, 1100, 1102, 1104, 1105, 1107, 1112, 1113, 1114, 1115, 1116, 1118, 1121, 1122, 1123, 1125, 1128, 1129, 1130, 1131, 1132, 1136, 1138, 1141, 1143, 1144, 1146, 1149, 1150], "excluded_lines": [], "functions": {"get_db_connection": {"executed_lines": [], "summary": {"covered_lines": 0, "num_statements": 10, "percent_covered": 0.0, "percent_covered_display": "0", "missing_lines": 10, "excluded_lines": 0}, "missing_lines": [6, 7, 8, 9, 10, 11, 12, 13, 14, 19], "excluded_lines": []}, "get_db_properties_for_service": {"executed_lines": [], "summary": {"covered_lines": 0, "num_statements": 9, "percent_covered": 0.0, "percent_covered_display": "0", "missing_lines": 9, "excluded_lines": 0}, "missing_lines": [23, 25, 26, 28, 29, 30, 31, 32, 33], "excluded_lines": []}, "test_saving_service_data_to_db": {"executed_lines": [], "summary": {"covered_lines": 0, "num_statements": 1, "percent_covered": 0.0, "percent_covered_display": "0", "missing_lines": 1, "excluded_lines": 0}, "missing_lines": [37], "excluded_lines": []}, "Database.__init__": {"executed_lines": [], "summary": {"covered_lines": 0, "num_statements": 3, "percent_covered": 0.0, "percent_covered_display": "0", "missing_lines": 3, "excluded_lines": 0}, "missing_lines": [42, 44, 45], "excluded_lines": []}, "Database.init_assign_db_properties": {"executed_lines": [], "summary": {"covered_lines": 0, "num_statements": 12, "percent_covered": 0.0, "percent_covered_display": "0", "missing_lines": 12, "excluded_lines": 0}, "missing_lines": [48, 49, 50, 51, 52, 53, 54, 55, 56, 57, 58, 59], "excluded_lines": []}, "Database.db_retry_decorator": {"executed_lines": [], "summary": {"covered_lines": 0, "num_statements": 5, "percent_covered": 0.0, "percent_covered_display": "0", "missing_lines": 5, "excluded_lines": 0}, "missing_lines": [62, 63, 65, 66, 73], "excluded_lines": []}, "Database.db_retry_decorator.wrapper": {"executed_lines": [], "summary": {"covered_lines": 0, "num_statements": 5, "percent_covered": 0.0, "percent_covered_display": "0", "missing_lines": 5, "excluded_lines": 0}, "missing_lines": [67, 68, 69, 70, 71], "excluded_lines": []}, "Database.get_input_data": {"executed_lines": [], "summary": {"covered_lines": 0, "num_statements": 10, "percent_covered": 0.0, "percent_covered_display": "0", "missing_lines": 10, "excluded_lines": 0}, "missing_lines": [76, 77, 78, 79, 80, 81, 82, 84, 85, 86], "excluded_lines": []}, "Database.set_up_db_connection": {"executed_lines": [], "summary": {"covered_lines": 0, "num_statements": 7, "percent_covered": 0.0, "percent_covered_display": "0", "missing_lines": 7, "excluded_lines": 0}, "missing_lines": [89, 90, 91, 92, 93, 94, 95], "excluded_lines": []}, "Database.enable_connection_and_cursor": {"executed_lines": [], "summary": {"covered_lines": 0, "num_statements": 87, "percent_covered": 0.0, "percent_covered_display": "0", "missing_lines": 87, "excluded_lines": 0}, "missing_lines": [98, 100, 102, 103, 105, 106, 109, 110, 111, 122, 133, 134, 138, 141, 145, 149, 150, 153, 154, 155, 161, 163, 164, 168, 178, 179, 183, 184, 185, 187, 188, 190, 192, 193, 196, 197, 198, 199, 200, 204, 205, 206, 207, 210, 211, 212, 214, 215, 217, 219, 220, 223, 224, 225, 227, 228, 230, 231, 232, 233, 234, 235, 237, 238, 240, 241, 244, 246, 248, 250, 252, 255, 259, 260, 262, 264, 265, 267, 269, 272, 276, 277, 279, 280, 282, 283, 284], "excluded_lines": []}, "Database.perform_analysis": {"executed_lines": [], "summary": {"covered_lines": 0, "num_statements": 18, "percent_covered": 0.0, "percent_covered_display": "0", "missing_lines": 18, "excluded_lines": 0}, "missing_lines": [287, 288, 289, 290, 291, 292, 293, 296, 297, 298, 299, 302, 303, 307, 308, 309, 312, 318], "excluded_lines": []}, "Database.get_db_basic_analysis_outputs": {"executed_lines": [], "summary": {"covered_lines": 0, "num_statements": 6, "percent_covered": 0.0, "percent_covered_display": "0", "missing_lines": 6, "excluded_lines": 0}, "missing_lines": [321, 322, 323, 324, 328, 335], "excluded_lines": []}, "Database.get_df_from_stored_procedure": {"executed_lines": [], "summary": {"covered_lines": 0, "num_statements": 9, "percent_covered": 0.0, "percent_covered_display": "0", "missing_lines": 9, "excluded_lines": 0}, "missing_lines": [338, 340, 342, 343, 344, 346, 348, 349, 350], "excluded_lines": []}, "Database.get_df_from_query": {"executed_lines": [], "summary": {"covered_lines": 0, "num_statements": 5, "percent_covered": 0.0, "percent_covered_display": "0", "missing_lines": 5, "excluded_lines": 0}, "missing_lines": [353, 355, 357, 358, 359], "excluded_lines": []}, "Database.get_db_table_analysis_outputs": {"executed_lines": [], "summary": {"covered_lines": 0, "num_statements": 1, "percent_covered": 0.0, "percent_covered_display": "0", "missing_lines": 1, "excluded_lines": 0}, "missing_lines": [362], "excluded_lines": []}, "Database.get_db_version": {"executed_lines": [], "summary": {"covered_lines": 0, "num_statements": 7, "percent_covered": 0.0, "percent_covered_display": "0", "missing_lines": 7, "excluded_lines": 0}, "missing_lines": [365, 367, 373, 374, 375, 376, 378], "excluded_lines": []}, "Database.get_db_tables": {"executed_lines": [], "summary": {"covered_lines": 0, "num_statements": 7, "percent_covered": 0.0, "percent_covered_display": "0", "missing_lines": 7, "excluded_lines": 0}, "missing_lines": [381, 383, 389, 390, 391, 392, 394], "excluded_lines": []}, "Database.get_db_functions": {"executed_lines": [], "summary": {"covered_lines": 0, "num_statements": 7, "percent_covered": 0.0, "percent_covered_display": "0", "missing_lines": 7, "excluded_lines": 0}, "missing_lines": [397, 399, 405, 406, 407, 408, 410], "excluded_lines": []}, "Database.get_columns_for_all_db_tables": {"executed_lines": [], "summary": {"covered_lines": 0, "num_statements": 14, "percent_covered": 0.0, "percent_covered_display": "0", "missing_lines": 14, "excluded_lines": 0}, "missing_lines": [413, 415, 416, 417, 418, 419, 420, 421, 422, 423, 424, 427, 428, 430], "excluded_lines": []}, "Database.get_table_basic_statistics": {"executed_lines": [], "summary": {"covered_lines": 0, "num_statements": 14, "percent_covered": 0.0, "percent_covered_display": "0", "missing_lines": 14, "excluded_lines": 0}, "missing_lines": [433, 435, 436, 438, 439, 440, 441, 442, 445, 446, 447, 448, 449, 450], "excluded_lines": []}, "Database.get_schema_statistics_class": {"executed_lines": [], "summary": {"covered_lines": 0, "num_statements": 8, "percent_covered": 0.0, "percent_covered_display": "0", "missing_lines": 8, "excluded_lines": 0}, "missing_lines": [455, 457, 458, 459, 465, 466, 467, 469], "excluded_lines": []}, "Database.get_table_statistics": {"executed_lines": [], "summary": {"covered_lines": 0, "num_statements": 24, "percent_covered": 0.0, "percent_covered_display": "0", "missing_lines": 24, "excluded_lines": 0}, "missing_lines": [472, 473, 475, 476, 477, 478, 479, 480, 481, 482, 483, 484, 488, 491, 492, 493, 494, 495, 496, 497, 498, 499, 515, 516], "excluded_lines": []}, "Database.get_table_timetrace_statistics": {"executed_lines": [], "summary": {"covered_lines": 0, "num_statements": 22, "percent_covered": 0.0, "percent_covered_display": "0", "missing_lines": 22, "excluded_lines": 0}, "missing_lines": [523, 524, 526, 527, 528, 529, 530, 531, 532, 533, 534, 535, 538, 546, 547, 548, 549, 550, 551, 552, 568, 569], "excluded_lines": []}, "Database.get_timeline_statistics": {"executed_lines": [], "summary": {"covered_lines": 0, "num_statements": 32, "percent_covered": 0.0, "percent_covered_display": "0", "missing_lines": 32, "excluded_lines": 0}, "missing_lines": [574, 576, 577, 579, 580, 582, 583, 584, 585, 586, 591, 592, 595, 596, 597, 598, 601, 604, 607, 610, 616, 621, 624, 625, 626, 633, 634, 636, 642, 647, 648, 649], "excluded_lines": []}, "Database.get_table_statistics_from_db": {"executed_lines": [], "summary": {"covered_lines": 0, "num_statements": 8, "percent_covered": 0.0, "percent_covered_display": "0", "missing_lines": 8, "excluded_lines": 0}, "missing_lines": [656, 658, 659, 660, 666, 667, 668, 670], "excluded_lines": []}, "Database.save_application_data": {"executed_lines": [], "summary": {"covered_lines": 0, "num_statements": 7, "percent_covered": 0.0, "percent_covered_display": "0", "missing_lines": 7, "excluded_lines": 0}, "missing_lines": [673, 675, 676, 677, 678, 679, 680], "excluded_lines": []}, "Database.save_to_db": {"executed_lines": [], "summary": {"covered_lines": 0, "num_statements": 27, "percent_covered": 0.0, "percent_covered_display": "0", "missing_lines": 27, "excluded_lines": 0}, "missing_lines": [683, 684, 685, 686, 687, 688, 689, 690, 692, 693, 694, 695, 696, 697, 698, 700, 701, 702, 711, 713, 714, 715, 716, 717, 718, 719, 728], "excluded_lines": []}, "Database.save_1_row_df_to_postgresql_db_using_primary_key": {"executed_lines": [], "summary": {"covered_lines": 0, "num_statements": 21, "percent_covered": 0.0, "percent_covered_display": "0", "missing_lines": 21, "excluded_lines": 0}, "missing_lines": [740, 741, 742, 743, 744, 746, 747, 749, 750, 751, 753, 761, 763, 764, 772, 774, 777, 778, 779, 780, 782], "excluded_lines": []}, "Database.get_table_column_statistics": {"executed_lines": [], "summary": {"covered_lines": 0, "num_statements": 9, "percent_covered": 0.0, "percent_covered_display": "0", "missing_lines": 9, "excluded_lines": 0}, "missing_lines": [785, 787, 788, 789, 795, 796, 797, 798, 800], "excluded_lines": []}, "Database.get_table_column_time_traces": {"executed_lines": [], "summary": {"covered_lines": 0, "num_statements": 11, "percent_covered": 0.0, "percent_covered_display": "0", "missing_lines": 11, "excluded_lines": 0}, "missing_lines": [811, 813, 814, 821, 822, 825, 831, 832, 833, 836, 838], "excluded_lines": []}, "Database.executeScriptsFromFile": {"executed_lines": [], "summary": {"covered_lines": 0, "num_statements": 24, "percent_covered": 0.0, "percent_covered_display": "0", "missing_lines": 24, "excluded_lines": 0}, "missing_lines": [841, 843, 844, 845, 846, 847, 848, 849, 850, 851, 852, 853, 856, 857, 860, 861, 869, 870, 880, 881, 882, 883, 884, 885], "excluded_lines": []}, "Database.read_from_file": {"executed_lines": [], "summary": {"covered_lines": 0, "num_statements": 4, "percent_covered": 0.0, "percent_covered_display": "0", "missing_lines": 4, "excluded_lines": 0}, "missing_lines": [888, 889, 890, 891], "excluded_lines": []}, "Database.executeQueryWithParameters": {"executed_lines": [], "summary": {"covered_lines": 0, "num_statements": 20, "percent_covered": 0.0, "percent_covered_display": "0", "missing_lines": 20, "excluded_lines": 0}, "missing_lines": [894, 896, 897, 898, 899, 900, 901, 902, 903, 904, 905, 906, 907, 908, 912, 913, 914, 915, 916, 918], "excluded_lines": []}, "Database.executeNoDataQuery_using_dict": {"executed_lines": [], "summary": {"covered_lines": 0, "num_statements": 1, "percent_covered": 0.0, "percent_covered_display": "0", "missing_lines": 1, "excluded_lines": 0}, "missing_lines": [921], "excluded_lines": []}, "Database.executeNoDataQuery": {"executed_lines": [], "summary": {"covered_lines": 0, "num_statements": 22, "percent_covered": 0.0, "percent_covered_display": "0", "missing_lines": 22, "excluded_lines": 0}, "missing_lines": [924, 925, 926, 927, 928, 929, 930, 931, 932, 933, 934, 935, 936, 939, 940, 941, 943, 944, 945, 946, 947, 948], "excluded_lines": []}, "Database.get_input_data_from_db": {"executed_lines": [], "summary": {"covered_lines": 0, "num_statements": 25, "percent_covered": 0.0, "percent_covered_display": "0", "missing_lines": 25, "excluded_lines": 0}, "missing_lines": [951, 953, 954, 955, 956, 957, 958, 959, 960, 961, 963, 965, 966, 972, 973, 974, 975, 976, 977, 978, 980, 982, 984, 985, 986], "excluded_lines": []}, "Database.get_input_data_set": {"executed_lines": [], "summary": {"covered_lines": 0, "num_statements": 8, "percent_covered": 0.0, "percent_covered_display": "0", "missing_lines": 8, "excluded_lines": 0}, "missing_lines": [991, 993, 994, 995, 1001, 1002, 1003, 1005], "excluded_lines": []}, "Database.perform_extreme_event_analysis": {"executed_lines": [], "summary": {"covered_lines": 0, "num_statements": 26, "percent_covered": 0.0, "percent_covered_display": "0", "missing_lines": 26, "excluded_lines": 0}, "missing_lines": [1008, 1009, 1010, 1011, 1012, 1013, 1016, 1019, 1027, 1028, 1029, 1030, 1033, 1034, 1039, 1040, 1043, 1044, 1045, 1049, 1050, 1051, 1053, 1054, 1055, 1057], "excluded_lines": []}, "Database.prepare_input_statistics": {"executed_lines": [], "summary": {"covered_lines": 0, "num_statements": 5, "percent_covered": 0.0, "percent_covered_display": "0", "missing_lines": 5, "excluded_lines": 0}, "missing_lines": [1060, 1061, 1062, 1063, 1064], "excluded_lines": []}, "Database.format_table_statistics_df": {"executed_lines": [], "summary": {"covered_lines": 0, "num_statements": 22, "percent_covered": 0.0, "percent_covered_display": "0", "missing_lines": 22, "excluded_lines": 0}, "missing_lines": [1067, 1069, 1070, 1072, 1074, 1075, 1076, 1077, 1078, 1079, 1080, 1082, 1085, 1086, 1089, 1091, 1094, 1095, 1096, 1099, 1100, 1102], "excluded_lines": []}, "Database.format_table_statistics_df_for_extreme_events": {"executed_lines": [], "summary": {"covered_lines": 0, "num_statements": 18, "percent_covered": 0.0, "percent_covered_display": "0", "missing_lines": 18, "excluded_lines": 0}, "missing_lines": [1105, 1107, 1112, 1113, 1114, 1115, 1116, 1118, 1121, 1122, 1123, 1125, 1128, 1129, 1130, 1131, 1132, 1136], "excluded_lines": []}, "Database.get_create_table_sql_code_from_df": {"executed_lines": [], "summary": {"covered_lines": 0, "num_statements": 6, "percent_covered": 0.0, "percent_covered_display": "0", "missing_lines": 6, "excluded_lines": 0}, "missing_lines": [1141, 1143, 1144, 1146, 1149, 1150], "excluded_lines": []}, "": {"executed_lines": [], "summary": {"covered_lines": 0, "num_statements": 44, "percent_covered": 0.0, "percent_covered_display": "0", "missing_lines": 44, "excluded_lines": 0}, "missing_lines": [1, 2, 5, 22, 36, 40, 41, 47, 61, 75, 88, 97, 286, 320, 337, 352, 361, 364, 380, 396, 412, 432, 454, 471, 520, 573, 655, 672, 682, 737, 784, 802, 840, 887, 893, 920, 923, 950, 990, 1007, 1059, 1066, 1104, 1138], "excluded_lines": []}}, "classes": {"Database": {"executed_lines": [], "summary": {"covered_lines": 0, "num_statements": 567, "percent_covered": 0.0, "percent_covered_display": "0", "missing_lines": 567, "excluded_lines": 0}, "missing_lines": [42, 44, 45, 48, 49, 50, 51, 52, 53, 54, 55, 56, 57, 58, 59, 62, 63, 65, 66, 67, 68, 69, 70, 71, 73, 76, 77, 78, 79, 80, 81, 82, 84, 85, 86, 89, 90, 91, 92, 93, 94, 95, 98, 100, 102, 103, 105, 106, 109, 110, 111, 122, 133, 134, 138, 141, 145, 149, 150, 153, 154, 155, 161, 163, 164, 168, 178, 179, 183, 184, 185, 187, 188, 190, 192, 193, 196, 197, 198, 199, 200, 204, 205, 206, 207, 210, 211, 212, 214, 215, 217, 219, 220, 223, 224, 225, 227, 228, 230, 231, 232, 233, 234, 235, 237, 238, 240, 241, 244, 246, 248, 250, 252, 255, 259, 260, 262, 264, 265, 267, 269, 272, 276, 277, 279, 280, 282, 283, 284, 287, 288, 289, 290, 291, 292, 293, 296, 297, 298, 299, 302, 303, 307, 308, 309, 312, 318, 321, 322, 323, 324, 328, 335, 338, 340, 342, 343, 344, 346, 348, 349, 350, 353, 355, 357, 358, 359, 362, 365, 367, 373, 374, 375, 376, 378, 381, 383, 389, 390, 391, 392, 394, 397, 399, 405, 406, 407, 408, 410, 413, 415, 416, 417, 418, 419, 420, 421, 422, 423, 424, 427, 428, 430, 433, 435, 436, 438, 439, 440, 441, 442, 445, 446, 447, 448, 449, 450, 455, 457, 458, 459, 465, 466, 467, 469, 472, 473, 475, 476, 477, 478, 479, 480, 481, 482, 483, 484, 488, 491, 492, 493, 494, 495, 496, 497, 498, 499, 515, 516, 523, 524, 526, 527, 528, 529, 530, 531, 532, 533, 534, 535, 538, 546, 547, 548, 549, 550, 551, 552, 568, 569, 574, 576, 577, 579, 580, 582, 583, 584, 585, 586, 591, 592, 595, 596, 597, 598, 601, 604, 607, 610, 616, 621, 624, 625, 626, 633, 634, 636, 642, 647, 648, 649, 656, 658, 659, 660, 666, 667, 668, 670, 673, 675, 676, 677, 678, 679, 680, 683, 684, 685, 686, 687, 688, 689, 690, 692, 693, 694, 695, 696, 697, 698, 700, 701, 702, 711, 713, 714, 715, 716, 717, 718, 719, 728, 740, 741, 742, 743, 744, 746, 747, 749, 750, 751, 753, 761, 763, 764, 772, 774, 777, 778, 779, 780, 782, 785, 787, 788, 789, 795, 796, 797, 798, 800, 811, 813, 814, 821, 822, 825, 831, 832, 833, 836, 838, 841, 843, 844, 845, 846, 847, 848, 849, 850, 851, 852, 853, 856, 857, 860, 861, 869, 870, 880, 881, 882, 883, 884, 885, 888, 889, 890, 891, 894, 896, 897, 898, 899, 900, 901, 902, 903, 904, 905, 906, 907, 908, 912, 913, 914, 915, 916, 918, 921, 924, 925, 926, 927, 928, 929, 930, 931, 932, 933, 934, 935, 936, 939, 940, 941, 943, 944, 945, 946, 947, 948, 951, 953, 954, 955, 956, 957, 958, 959, 960, 961, 963, 965, 966, 972, 973, 974, 975, 976, 977, 978, 980, 982, 984, 985, 986, 991, 993, 994, 995, 1001, 1002, 1003, 1005, 1008, 1009, 1010, 1011, 1012, 1013, 1016, 1019, 1027, 1028, 1029, 1030, 1033, 1034, 1039, 1040, 1043, 1044, 1045, 1049, 1050, 1051, 1053, 1054, 1055, 1057, 1060, 1061, 1062, 1063, 1064, 1067, 1069, 1070, 1072, 1074, 1075, 1076, 1077, 1078, 1079, 1080, 1082, 1085, 1086, 1089, 1091, 1094, 1095, 1096, 1099, 1100, 1102, 1105, 1107, 1112, 1113, 1114, 1115, 1116, 1118, 1121, 1122, 1123, 1125, 1128, 1129, 1130, 1131, 1132, 1136, 1141, 1143, 1144, 1146, 1149, 1150], "excluded_lines": []}, "": {"executed_lines": [], "summary": {"covered_lines": 0, "num_statements": 64, "percent_covered": 0.0, "percent_covered_display": "0", "missing_lines": 64, "excluded_lines": 0}, "missing_lines": [1, 2, 5, 6, 7, 8, 9, 10, 11, 12, 13, 14, 19, 22, 23, 25, 26, 28, 29, 30, 31, 32, 33, 36, 37, 40, 41, 47, 61, 75, 88, 97, 286, 320, 337, 352, 361, 364, 380, 396, 412, 432, 454, 471, 520, 573, 655, 672, 682, 737, 784, 802, 840, 887, 893, 920, 923, 950, 990, 1007, 1059, 1066, 1104, 1138], "excluded_lines": []}}}, "src/assetutilities/common/download_data/dwnld_from_zipurl.py": {"executed_lines": [2, 3, 4, 5, 7, 8, 11, 12, 13, 15, 16, 18, 19, 21, 23, 24, 25, 26, 28, 30, 32, 34, 35, 36, 37, 40, 41, 42, 53], "summary": {"covered_lines": 29, "num_statements": 32, "percent_covered": 90.625, "percent_covered_display": "91", "missing_lines": 3, "excluded_lines": 0}, "missing_lines": [49, 50, 51], "excluded_lines": [], "functions": {"DownloadDataFromURL.__init__": {"executed_lines": [13], "summary": {"covered_lines": 1, "num_statements": 1, "percent_covered": 100.0, "percent_covered_display": "100", "missing_lines": 0, "excluded_lines": 0}, "missing_lines": [], "excluded_lines": []}, "DownloadDataFromURL.router": {"executed_lines": [16, 18, 19, 21], "summary": {"covered_lines": 4, "num_statements": 4, "percent_covered": 100.0, "percent_covered_display": "100", "missing_lines": 0, "excluded_lines": 0}, "missing_lines": [], "excluded_lines": []}, "DownloadDataFromURL.download_and_process_zip": {"executed_lines": [24, 25, 26, 28, 30, 32, 34, 35, 36, 37, 40, 41, 42, 53], "summary": {"covered_lines": 14, "num_statements": 17, "percent_covered": 82.3529411764706, "percent_covered_display": "82", "missing_lines": 3, "excluded_lines": 0}, "missing_lines": [49, 50, 51], "excluded_lines": []}, "": {"executed_lines": [2, 3, 4, 5, 7, 8, 11, 12, 15, 23], "summary": {"covered_lines": 10, "num_statements": 10, "percent_covered": 100.0, "percent_covered_display": "100", "missing_lines": 0, "excluded_lines": 0}, "missing_lines": [], "excluded_lines": []}}, "classes": {"DownloadDataFromURL": {"executed_lines": [13, 16, 18, 19, 21, 24, 25, 26, 28, 30, 32, 34, 35, 36, 37, 40, 41, 42, 53], "summary": {"covered_lines": 19, "num_statements": 22, "percent_covered": 86.36363636363636, "percent_covered_display": "86", "missing_lines": 3, "excluded_lines": 0}, "missing_lines": [49, 50, 51], "excluded_lines": []}, "": {"executed_lines": [2, 3, 4, 5, 7, 8, 11, 12, 15, 23], "summary": {"covered_lines": 10, "num_statements": 10, "percent_covered": 100.0, "percent_covered_display": "100", "missing_lines": 0, "excluded_lines": 0}, "missing_lines": [], "excluded_lines": []}}}, "src/assetutilities/common/file_edit.py": {"executed_lines": [1, 2, 3, 5, 6, 7, 10, 11, 12, 14, 15, 16, 17, 18, 20], "summary": {"covered_lines": 15, "num_statements": 15, "percent_covered": 100.0, "percent_covered_display": "100", "missing_lines": 0, "excluded_lines": 0}, "missing_lines": [], "excluded_lines": [], "functions": {"FileEdit.__init__": {"executed_lines": [12], "summary": {"covered_lines": 1, "num_statements": 1, "percent_covered": 100.0, "percent_covered_display": "100", "missing_lines": 0, "excluded_lines": 0}, "missing_lines": [], "excluded_lines": []}, "FileEdit.router": {"executed_lines": [15, 16, 17, 18, 20], "summary": {"covered_lines": 5, "num_statements": 5, "percent_covered": 100.0, "percent_covered_display": "100", "missing_lines": 0, "excluded_lines": 0}, "missing_lines": [], "excluded_lines": []}, "": {"executed_lines": [1, 2, 3, 5, 6, 7, 10, 11, 14], "summary": {"covered_lines": 9, "num_statements": 9, "percent_covered": 100.0, "percent_covered_display": "100", "missing_lines": 0, "excluded_lines": 0}, "missing_lines": [], "excluded_lines": []}}, "classes": {"FileEdit": {"executed_lines": [12, 15, 16, 17, 18, 20], "summary": {"covered_lines": 6, "num_statements": 6, "percent_covered": 100.0, "percent_covered_display": "100", "missing_lines": 0, "excluded_lines": 0}, "missing_lines": [], "excluded_lines": []}, "": {"executed_lines": [1, 2,
[...]
ements": 8, "percent_covered": 100.0, "percent_covered_display": "100", "missing_lines": 0, "excluded_lines": 0}, "missing_lines": [], "excluded_lines": []}, "": {"executed_lines": [4, 6, 8, 9, 12, 13, 28, 44, 63], "summary": {"covered_lines": 8, "num_statements": 8, "percent_covered": 100.0, "percent_covered_display": "100", "missing_lines": 0, "excluded_lines": 0}, "missing_lines": [], "excluded_lines": []}}, "classes": {"UnitSystemPolicy": {"executed_lines": [34, 35, 39, 40, 41, 42, 54, 55, 56, 57, 74, 75, 76, 78, 79, 81, 82, 87], "summary": {"covered_lines": 18, "num_statements": 18, "percent_covered": 100.0, "percent_covered_display": "100", "missing_lines": 0, "excluded_lines": 0}, "missing_lines": [], "excluded_lines": []}, "": {"executed_lines": [4, 6, 8, 9, 12, 13, 28, 44, 63], "summary": {"covered_lines": 8, "num_statements": 8, "percent_covered": 100.0, "percent_covered_display": "100", "missing_lines": 0, "excluded_lines": 0}, "missing_lines": [], "excluded_lines": []}}}, "src/assetutilities/units/quantity.py": {"executed_lines": [4, 6, 7, 8, 9, 11, 13, 15, 18, 19, 20, 22, 23, 24, 25, 26, 28, 29, 37, 38, 39, 48, 49, 51, 58, 59, 60, 70, 71, 73, 75, 76, 78, 80, 81, 83, 85, 86, 88, 90, 95, 96, 97, 98, 99, 102, 104, 110, 112, 113, 114, 115, 121, 122, 123, 124, 125, 130, 132, 133, 135, 136, 137, 138, 147, 149, 150, 152, 153, 161, 162, 169, 170, 171, 172, 181, 183, 184, 185, 186, 188, 189, 190, 191, 193, 197, 198, 199, 200, 202, 205, 211, 215, 216, 220, 221, 225, 226, 233, 234, 243, 244, 245, 248, 249, 255, 256, 257, 258, 261], "summary": {"covered_lines": 106, "num_statements": 108, "percent_covered": 98.14814814814815, "percent_covered_display": "98", "missing_lines": 2, "excluded_lines": 6}, "missing_lines": [101, 246], "excluded_lines": [152, 153, 154, 155, 156, 157], "functions": {"ProvenanceEntry.to_dict": {"executed_lines": [29], "summary": {"covered_lines": 1, "num_statements": 1, "percent_covered": 100.0, "percent_covered_display": "100", "missing_lines": 0, "excluded_lines": 0}, "missing_lines": [], "excluded_lines": []}, "ProvenanceEntry.from_dict": {"executed_lines": [39], "summary": {"covered_lines": 1, "num_statements": 1, "percent_covered": 100.0, "percent_covered_display": "100", "missing_lines": 0, "excluded_lines": 0}, "missing_lines": [], "excluded_lines": []}, "TrackedQuantity.__init__": {"executed_lines": [58, 59, 60], "summary": {"covered_lines": 3, "num_statements": 3, "percent_covered": 100.0, "percent_covered_display": "100", "missing_lines": 0, "excluded_lines": 0}, "missing_lines": [], "excluded_lines": []}, "TrackedQuantity.magnitude": {"executed_lines": [73], "summary": {"covered_lines": 1, "num_statements": 1, "percent_covered": 100.0, "percent_covered_display": "100", "missing_lines": 0, "excluded_lines": 0}, "missing_lines": [], "excluded_lines": []}, "TrackedQuantity.units": {"executed_lines": [78], "summary": {"covered_lines": 1, "num_statements": 1, "percent_covered": 100.0, "percent_covered_display": "100", "missing_lines": 0, "excluded_lines": 0}, "missing_lines": [], "excluded_lines": []}, "TrackedQuantity.provenance": {"executed_lines": [83], "summary": {"covered_lines": 1, "num_statements": 1, "percent_covered": 100.0, "percent_covered_display": "100", "missing_lines": 0, "excluded_lines": 0}, "missing_lines": [], "excluded_lines": []}, "TrackedQuantity.dimensions": {"executed_lines": [88], "summary": {"covered_lines": 1, "num_statements": 1, "percent_covered": 100.0, "percent_covered_display": "100", "missing_lines": 0, "excluded_lines": 0}, "missing_lines": [], "excluded_lines": []}, "TrackedQuantity.is_compatible": {"executed_lines": [95, 96, 97, 98, 99, 102], "summary": {"covered_lines": 6, "num_statements": 7, "percent_covered": 85.71428571428571, "percent_covered_display": "86", "missing_lines": 1, "excluded_lines": 0}, "missing_lines": [101], "excluded_lines": []}, "TrackedQuantity.check_dimensions": {"executed_lines": [110, 112, 113, 114, 115, 121, 122, 123, 124, 125], "summary": {"covered_lines": 10, "num_statements": 10, "percent_covered": 100.0, "percent_covered_display": "100", "missing_lines": 0, "excluded_lines": 0}, "missing_lines": [], "excluded_lines": []}, "TrackedQuantity.to": {"executed_lines": [132, 133, 135, 136, 137, 138, 147], "summary": {"covered_lines": 7, "num_statements": 7, "percent_covered": 100.0, "percent_covered_display": "100", "missing_lines": 0, "excluded_lines": 0}, "missing_lines": [], "excluded_lines": []}, "TrackedQuantity.__float__": {"executed_lines": [150], "summary": {"covered_lines": 1, "num_statements": 1, "percent_covered": 100.0, "percent_covered_display": "100", "missing_lines": 0, "excluded_lines": 0}, "missing_lines": [], "excluded_lines": []}, "TrackedQuantity.__repr__": {"executed_lines": [153], "summary": {"covered_lines": 0, "num_statements": 0, "percent_covered": 100.0, "percent_covered_display": "100", "missing_lines": 0, "excluded_lines": 5}, "missing_lines": [], "excluded_lines": [153, 154, 155, 156, 157]}, "TrackedQuantity._from_pint": {"executed_lines": [169, 170, 171, 172, 181], "summary": {"covered_lines": 5, "num_statements": 5, "percent_covered": 100.0, "percent_covered_display": "100", "missing_lines": 0, "excluded_lines": 0}, "missing_lines": [], "excluded_lines": []}, "TrackedQuantity._other_prov": {"executed_lines": [184, 185, 186], "summary": {"covered_lines": 3, "num_statements": 3, "percent_covered": 100.0, "percent_covered_display": "100", "missing_lines": 0, "excluded_lines": 0}, "missing_lines": [], "excluded_lines": []}, "TrackedQuantity._other_qty": {"executed_lines": [189, 190, 191], "summary": {"covered_lines": 3, "num_statements": 3, "percent_covered": 100.0, "percent_covered_display": "100", "missing_lines": 0, "excluded_lines": 0}, "missing_lines": [], "excluded_lines": []}, "TrackedQuantity._arithmetic_op": {"executed_lines": [197, 198, 199, 200, 202, 205, 211], "summary": {"covered_lines": 7, "num_statements": 7, "percent_covered": 100.0, "percent_covered_display": "100", "missing_lines": 0, "excluded_lines": 0}, "missing_lines": [], "excluded_lines": []}, "TrackedQuantity.__add__": {"executed_lines": [216], "summary": {"covered_lines": 1, "num_statements": 1, "percent_covered": 100.0, "percent_covered_display": "100", "missing_lines": 0, "excluded_lines": 0}, "missing_lines": [], "excluded_lines": []}, "TrackedQuantity.__sub__": {"executed_lines": [221], "summary": {"covered_lines": 1, "num_statements": 1, "percent_covered": 100.0, "percent_covered_display": "100", "missing_lines": 0, "excluded_lines": 0}, "missing_lines": [], "excluded_lines": []}, "TrackedQuantity.__mul__": {"executed_lines": [226], "summary": {"covered_lines": 1, "num_statements": 1, "percent_covered": 100.0, "percent_covered_display": "100", "missing_lines": 0, "excluded_lines": 0}, "missing_lines": [], "excluded_lines": []}, "TrackedQuantity.__truediv__": {"executed_lines": [234], "summary": {"covered_lines": 1, "num_statements": 1, "percent_covered": 100.0, "percent_covered_display": "100", "missing_lines": 0, "excluded_lines": 0}, "missing_lines": [], "excluded_lines": []}, "TrackedQuantity.to_dict": {"executed_lines": [244, 245, 248, 249], "summary": {"covered_lines": 4, "num_statements": 5, "percent_covered": 80.0, "percent_covered_display": "80", "missing_lines": 1, "excluded_lines": 0}, "missing_lines": [246], "excluded_lines": []}, "TrackedQuantity.from_dict": {"executed_lines": [257, 258, 261], "summary": {"covered_lines": 3, "num_statements": 3, "percent_covered": 100.0, "percent_covered_display": "100", "missing_lines": 0, "excluded_lines": 0}, "missing_lines": [], "excluded_lines": []}, "": {"executed_lines": [4, 6, 7, 8, 9, 11, 13, 15, 18, 19, 20, 22, 23, 24, 25, 26, 28, 37, 38, 48, 49, 51, 70, 71, 75, 76, 80, 81, 85, 86, 90, 104, 130, 149, 152, 161, 162, 183, 188, 193, 215, 220, 225, 233, 243, 255, 256], "summary": {"covered_lines": 44, "num_statements": 44, "percent_covered": 100.0, "percent_covered_display": "100", "missing_lines": 0, "excluded_lines": 1}, "missing_lines": [], "excluded_lines": [152]}}, "classes": {"ProvenanceEntry": {"executed_lines": [29, 39], "summary": {"covered_lines": 2, "num_statements": 2, "percent_covered": 100.0, "percent_covered_display": "100", "missing_lines": 0, "excluded_lines": 0}, "missing_lines": [], "excluded_lines": []}, "TrackedQuantity": {"executed_lines": [58, 59, 60, 73, 78, 83, 88, 95, 96, 97, 98, 99, 102, 110, 112, 113, 114, 115, 121, 122, 123, 124, 125, 132, 133, 135, 136, 137, 138, 147, 150, 153, 169, 170, 171, 172, 181, 184, 185, 186, 189, 190, 191, 197, 198, 199, 200, 202, 205, 211, 216, 221, 226, 234, 244, 245, 248, 249, 257, 258, 261], "summary": {"covered_lines": 60, "num_statements": 62, "percent_covered": 96.7741935483871, "percent_covered_display": "97", "missing_lines": 2, "excluded_lines": 5}, "missing_lines": [101, 246], "excluded_lines": [153, 154, 155, 156, 157]}, "": {"executed_lines": [4, 6, 7, 8, 9, 11, 13, 15, 18, 19, 20, 22, 23, 24, 25, 26, 28, 37, 38, 48, 49, 51, 70, 71, 75, 76, 80, 81, 85, 86, 90, 104, 130, 149, 152, 161, 162, 183, 188, 193, 215, 220, 225, 233, 243, 255, 256], "summary": {"covered_lines": 44, "num_statements": 44, "percent_covered": 100.0, "percent_covered_display": "100", "missing_lines": 0, "excluded_lines": 1}, "missing_lines": [], "excluded_lines": [152]}}}, "src/assetutilities/units/registry.py": {"executed_lines": [4, 6, 8, 9, 12, 16, 17, 18, 19, 20, 21, 22, 23, 24, 30, 37, 38, 39, 40, 41, 42, 43], "summary": {"covered_lines": 22, "num_statements": 22, "percent_covered": 100.0, "percent_covered_display": "100", "missing_lines": 0, "excluded_lines": 0}, "missing_lines": [], "excluded_lines": [], "functions": {"_define_custom_units": {"executed_lines": [16, 17, 18, 19, 20, 21, 22, 23, 24], "summary": {"covered_lines": 9, "num_statements": 9, "percent_covered": 100.0, "percent_covered_display": "100", "missing_lines": 0, "excluded_lines": 0}, "missing_lines": [], "excluded_lines": []}, "get_registry": {"executed_lines": [37, 38, 39, 40, 41, 42, 43], "summary": {"covered_lines": 7, "num_statements": 7, "percent_covered": 100.0, "percent_covered_display": "100", "missing_lines": 0, "excluded_lines": 0}, "missing_lines": [], "excluded_lines": []}, "": {"executed_lines": [4, 6, 8, 9, 12, 30], "summary": {"covered_lines": 6, "num_statements": 6, "percent_covered": 100.0, "percent_covered_display": "100", "missing_lines": 0, "excluded_lines": 0}, "missing_lines": [], "excluded_lines": []}}, "classes": {"": {"executed_lines": [4, 6, 8, 9, 12, 16, 17, 18, 19, 20, 21, 22, 23, 24, 30, 37, 38, 39, 40, 41, 42, 43], "summary": {"covered_lines": 22, "num_statements": 22, "percent_covered": 100.0, "percent_covered_display": "100", "missing_lines": 0, "excluded_lines": 0}, "missing_lines": [], "excluded_lines": []}}}, "src/assetutilities/units/traceability.py": {"executed_lines": [4, 6, 7, 8, 9, 11, 14, 15, 16, 17, 20, 21, 23, 24, 25, 26, 28, 30, 32, 34, 36, 38, 45, 47, 60, 62, 64, 65, 67, 69, 70, 72, 74, 76, 82, 84, 90, 92, 93, 94, 95, 96, 97, 99, 101, 102, 103, 104, 105, 106, 107, 108, 109, 110, 111], "summary": {"covered_lines": 54, "num_statements": 54, "percent_covered": 100.0, "percent_covered_display": "100", "missing_lines": 0, "excluded_lines": 0}, "missing_lines": [], "excluded_lines": [], "functions": {"CalculationAuditLog.__init__": {"executed_lines": [24, 25, 26], "summary": {"covered_lines": 3, "num_statements": 3, "percent_covered": 100.0, "percent_covered_display": "100", "missing_lines": 0, "excluded_lines": 0}, "missing_lines": [], "excluded_lines": []}, "CalculationAuditLog.add_input": {"executed_lines": [30], "summary": {"covered_lines": 1, "num_statements": 1, "percent_covered": 100.0, "percent_covered_display": "100", "missing_lines": 0, "excluded_lines": 0}, "missing_lines": [], "excluded_lines": []}, "CalculationAuditLog.add_output": {"executed_lines": [34], "summary": {"covered_lines": 1, "num_statements": 1, "percent_covered": 100.0, "percent_covered_display": "100", "missing_lines": 0, "excluded_lines": 0}, "missing_lines": [], "excluded_lines": []}, "CalculationAuditLog.add_step": {"executed_lines": [38], "summary": {"covered_lines": 1, "num_statements": 1, "percent_covered": 100.0, "percent_covered_display": "100", "missing_lines": 0, "excluded_lines": 0}, "missing_lines": [], "excluded_lines": []}, "CalculationAuditLog.to_dict": {"executed_lines": [47], "summary": {"covered_lines": 1, "num_statements": 1, "percent_covered": 100.0, "percent_covered_display": "100", "missing_lines": 0, "excluded_lines": 0}, "missing_lines": [], "excluded_lines": []}, "CalculationAuditLog.to_json": {"executed_lines": [62], "summary": {"covered_lines": 1, "num_statements": 1, "percent_covered": 100.0, "percent_covered_display": "100", "missing_lines": 0, "excluded_lines": 0}, "missing_lines": [], "excluded_lines": []}, "CalculationAuditLog.input_names": {"executed_lines": [67], "summary": {"covered_lines": 1, "num_statements": 1, "percent_covered": 100.0, "percent_covered_display": "100", "missing_lines": 0, "excluded_lines": 0}, "missing_lines": [], "excluded_lines": []}, "CalculationAuditLog.output_names": {"executed_lines": [72], "summary": {"covered_lines": 1, "num_statements": 1, "percent_covered": 100.0, "percent_covered_display": "100", "missing_lines": 0, "excluded_lines": 0}, "missing_lines": [], "excluded_lines": []}, "CalculationAuditLog.filter_inputs": {"executed_lines": [76], "summary": {"covered_lines": 1, "num_statements": 1, "percent_covered": 100.0, "percent_covered_display": "100", "missing_lines": 0, "excluded_lines": 0}, "missing_lines": [], "excluded_lines": []}, "CalculationAuditLog.filter_outputs": {"executed_lines": [84], "summary": {"covered_lines": 1, "num_statements": 1, "percent_covered": 100.0, "percent_covered_display": "100", "missing_lines": 0, "excluded_lines": 0}, "missing_lines": [], "excluded_lines": []}, "CalculationAuditLog.to_csv": {"executed_lines": [92, 93, 94, 95, 96, 97], "summary": {"covered_lines": 6, "num_statements": 6, "percent_covered": 100.0, "percent_covered_display": "100", "missing_lines": 0, "excluded_lines": 0}, "missing_lines": [], "excluded_lines": []}, "CalculationAuditLog.summary": {"executed_lines": [101, 102, 103, 104, 105, 106, 107, 108, 109, 110, 111], "summary": {"covered_lines": 11, "num_statements": 11, "percent_covered": 100.0, "percent_covered_display": "100", "missing_lines": 0, "excluded_lines": 0}, "missing_lines": [], "excluded_lines": []}, "": {"executed_lines": [4, 6, 7, 8, 9, 11, 14, 15, 16, 17, 20, 21, 23, 28, 32, 36, 45, 60, 64, 65, 69, 70, 74, 82, 90, 99], "summary": {"covered_lines": 25, "num_statements": 25, "percent_covered": 100.0, "percent_covered_display": "100", "missing_lines": 0, "excluded_lines": 0}, "missing_lines": [], "excluded_lines": []}}, "classes": {"_Step": {"executed_lines": [], "summary": {"covered_lines": 0, "num_statements": 0, "percent_covered": 100.0, "percent_covered_display": "100", "missing_lines": 0, "excluded_lines": 0}, "missing_lines": [], "excluded_lines": []}, "CalculationAuditLog": {"executed_lines": [24, 25, 26, 30, 34, 38, 47, 62, 67, 72, 76, 84, 92, 93, 94, 95, 96, 97, 101, 102, 103, 104, 105, 106, 107, 108, 109, 110, 111], "summary": {"covered_lines": 29, "num_statements": 29, "percent_covered": 100.0, "percent_covered_display": "100", "missing_lines": 0, "excluded_lines": 0}, "missing_lines": [], "excluded_lines": []}, "": {"executed_lines": [4, 6, 7, 8, 9, 11, 14, 15, 16, 17, 20, 21, 23, 28, 32, 36, 45, 60, 64, 65, 69, 70, 74, 82, 90, 99], "summary": {"covered_lines": 25, "num_statements": 25, "percent_covered": 100.0, "percent_covered_display": "100", "missing_lines": 0, "excluded_lines": 0}, "missing_lines": [], "excluded_lines": []}}}, "src/assetutilities/units/visualization.py": {"executed_lines": [4, 6, 8, 11, 12, 18, 19, 20, 22, 23, 30, 32, 33, 42, 43, 52, 53, 54, 55, 63, 65, 66, 68, 70, 71, 73, 75, 77, 82, 84, 85, 87, 88, 89, 90, 92, 93, 94, 95, 96, 97, 102, 103, 105, 111, 112, 113, 114, 137, 144, 162, 163, 165, 166, 167, 168, 174, 177, 178, 179, 180, 182, 183, 184, 185, 186, 191, 193, 194], "summary": {"covered_lines": 68, "num_statements": 81, "percent_covered": 83.95061728395062, "percent_covered_display": "84", "missing_lines": 13, "excluded_lines": 0}, "missing_lines": [119, 120, 122, 123, 124, 125, 127, 128, 129, 130, 131, 132, 135], "excluded_lines": [], "functions": {"LineageGraph.__init__": {"executed_lines": [19, 20], "summary": {"covered_lines": 2, "num_statements": 2, "percent_covered": 100.0, "percent_covered_display": "100", "missing_lines": 0, "excluded_lines": 0}, "missing_lines": [], "excluded_lines": []}, "LineageGraph.from_audit_log": {"executed_lines": [30, 32, 33, 42, 43, 52, 53, 54, 55, 63], "summary": {"covered_lines": 10, "num_statements": 10, "percent_covered": 100.0, "percent_covered_display": "100", "missing_lines": 0, "excluded_lines": 0}, "missing_lines": [], "excluded_lines": []}, "LineageGraph.nodes": {"executed_lines": [68], "summary": {"covered_lines": 1, "num_statements": 1, "percent_covered": 100.0, "percent_covered_display": "100", "missing_lines": 0, "excluded_lines": 0}, "missing_lines": [], "excluded_lines": []}, "LineageGraph.edges": {"executed_lines": [73], "summary": {"covered_lines": 1, "num_statements": 1, "percent_covered": 100.0, "percent_covered_display": "100", "missing_lines": 0, "excluded_lines": 0}, "missing_lines": [], "excluded_lines": []}, "LineageGraph.to_dict": {"executed_lines": [77], "summary": {"covered_lines": 1, "num_statements": 1, "percent_covered": 100.0, "percent_covered_display": "100", "missing_lines": 0, "excluded_lines": 0}, "missing_lines": [], "excluded_lines": []}, "LineageGraph.to_dot": {"executed_lines": [84, 85, 87, 88, 89, 90, 92, 93, 94, 95, 96, 97, 102, 103], "summary": {"covered_lines": 14, "num_statements": 14, "percent_covered": 100.0, "percent_covered_display": "100", "missing_lines": 0, "excluded_lines": 0}, "missing_lines": [], "excluded_lines": []}, "LineageGraph.to_svg": {"executed_lines": [111, 112, 113, 114], "summary": {"covered_lines": 4, "num_statements": 17, "percent_covered": 23.529411764705884, "percent_covered_display": "24", "missing_lines": 13, "excluded_lines": 0}, "missing_lines": [119, 120, 122, 123, 124, 125, 127, 128, 129, 130, 131, 132, 135], "excluded_lines": []}, "LineageGraph.to_html": {"executed_lines": [144, 162, 163, 165, 166, 167, 168, 174, 177, 178, 179, 180, 182, 183, 184, 185, 186, 191, 193, 194], "summary": {"covered_lines": 20, "num_statements": 20, "percent_covered": 100.0, "percent_covered_display": "100", "missing_lines": 0, "excluded_lines": 0}, "missing_lines": [], "excluded_lines": []}, "": {"executed_lines": [4, 6, 8, 11, 12, 18, 22, 23, 65, 66, 70, 71, 75, 82, 105, 137], "summary": {"covered_lines": 15, "num_statements": 15, "percent_covered": 100.0, "percent_covered_display": "100", "missing_lines": 0, "excluded_lines": 0}, "missing_lines": [], "excluded_lines": []}}, "classes": {"LineageGraph": {"executed_lines": [19, 20, 30, 32, 33, 42, 43, 52, 53, 54, 55, 63, 68, 73, 77, 84, 85, 87, 88, 89, 90, 92, 93, 94, 95, 96, 97, 102, 103, 111, 112, 113, 114, 144, 162, 163, 165, 166, 167, 168, 174, 177, 178, 179, 180, 182, 183, 184, 185, 186, 191, 193, 194], "summary": {"covered_lines": 53, "num_statements": 66, "percent_covered": 80.3030303030303, "percent_covered_display": "80", "missing_lines": 13, "excluded_lines": 0}, "missing_lines": [119, 120, 122, 123, 124, 125, 127, 128, 129, 130, 131, 132, 135], "excluded_lines": []}, "": {"executed_lines": [4, 6, 8, 11, 12, 18, 22, 23, 65, 66, 70, 71, 75, 82, 105, 137], "summary": {"covered_lines": 15, "num_statements": 15, "percent_covered": 100.0, "percent_covered_display": "100", "missing_lines": 0, "excluded_lines": 0}, "missing_lines": [], "excluded_lines": []}}}}, "totals": {"covered_lines": 3206, "num_statements": 7788, "percent_covered": 41.165896250642014, "percent_covered_display": "41", "missing_lines": 4582, "excluded_lines": 30}}